{"total": {"lines":{"total":1556,"covered":1296,"skipped":0,"pct":83.29},"statements":{"total":1779,"covered":1437,"skipped":0,"pct":80.77},"functions":{"total":230,"covered":183,"skipped":0,"pct":79.56},"branches":{"total":974,"covered":666,"skipped":0,"pct":68.37},"branchesTrue":{"total":0,"covered":0,"skipped":0,"pct":100}}
,"/Users/mettamazza/Desktop/Ernos 3.0/src/gaming/mineflayer/autonomy.js": {"lines":{"total":73,"covered":63,"skipped":0,"pct":86.3},"functions":{"total":14,"covered":11,"skipped":0,"pct":78.57},"statements":{"total":82,"covered":66,"skipped":0,"pct":80.48},"branches":{"total":47,"covered":37,"skipped":0,"pct":78.72}}
,"/Users/mettamazza/Desktop/Ernos 3.0/src/gaming/mineflayer/bot.js": {"lines":{"total":96,"covered":84,"skipped":0,"pct":87.5},"functions":{"total":16,"covered":14,"skipped":0,"pct":87.5},"statements":{"total":111,"covered":95,"skipped":0,"pct":85.58},"branches":{"total":32,"covered":21,"skipped":0,"pct":65.62}}
,"/Users/mettamazza/Desktop/Ernos 3.0/src/gaming/mineflayer/combat.js": {"lines":{"total":177,"covered":162,"skipped":0,"pct":91.52},"functions":{"total":36,"covered":28,"skipped":0,"pct":77.77},"statements":{"total":202,"covered":176,"skipped":0,"pct":87.12},"branches":{"total":180,"covered":143,"skipped":0,"pct":79.44}}
,"/Users/mettamazza/Desktop/Ernos 3.0/src/gaming/mineflayer/persistence.js": {"lines":{"total":42,"covered":42,"skipped":0,"pct":100},"functions":{"total":15,"covered":15,"skipped":0,"pct":100},"statements":{"total":44,"covered":44,"skipped":0,"pct":100},"branches":{"total":6,"covered":6,"skipped":0,"pct":100}}
,"/Users/mettamazza/Desktop/Ernos 3.0/src/gaming/mineflayer/reflexes.js": {"lines":{"total":186,"covered":137,"skipped":0,"pct":73.65},"functions":{"total":23,"covered":16,"skipped":0,"pct":69.56},"statements":{"total":227,"covered":152,"skipped":0,"pct":66.96},"branches":{"total":147,"covered":63,"skipped":0,"pct":42.85}}
,"/Users/mettamazza/Desktop/Ernos 3.0/src/gaming/mineflayer/shared.js": {"lines":{"total":41,"covered":35,"skipped":0,"pct":85.36},"functions":{"total":16,"covered":14,"skipped":0,"pct":87.5},"statements":{"total":45,"covered":36,"skipped":0,"pct":80},"branches":{"total":31,"covered":21,"skipped":0,"pct":67.74}}
,"/Users/mettamazza/Desktop/Ernos 3.0/src/gaming/mineflayer/test_craft.js": {"lines":{"total":21,"covered":0,"skipped":0,"pct":0},"functions":{"total":2,"covered":0,"skipped":0,"pct":0},"statements":{"total":22,"covered":0,"skipped":0,"pct":0},"branches":{"total":0,"covered":0,"skipped":0,"pct":100}}
,"/Users/mettamazza/Desktop/Ernos 3.0/src/gaming/mineflayer/test_recipe.js": {"lines":{"total":9,"covered":0,"skipped":0,"pct":0},"functions":{"total":1,"covered":0,"skipped":0,"pct":0},"statements":{"total":9,"covered":0,"skipped":0,"pct":0},"branches":{"total":0,"covered":0,"skipped":0,"pct":100}}
,"/Users/mettamazza/Desktop/Ernos 3.0/src/gaming/mineflayer/visual.js": {"lines":{"total":111,"covered":83,"skipped":0,"pct":74.77},"functions":{"total":12,"covered":10,"skipped":0,"pct":83.33},"statements":{"total":119,"covered":89,"skipped":0,"pct":74.78},"branches":{"total":39,"covered":21,"skipped":0,"pct":53.84}}
,"/Users/mettamazza/Desktop/Ernos 3.0/src/gaming/mineflayer/commands/building.js": {"lines":{"total":156,"covered":139,"skipped":0,"pct":89.1},"functions":{"total":17,"covered":12,"skipped":0,"pct":70.58},"statements":{"total":182,"covered":160,"skipped":0,"pct":87.91},"branches":{"total":88,"covered":73,"skipped":0,"pct":82.95}}
,"/Users/mettamazza/Desktop/Ernos 3.0/src/gaming/mineflayer/commands/combat_cmds.js": {"lines":{"total":104,"covered":98,"skipped":0,"pct":94.23},"functions":{"total":18,"covered":13,"skipped":0,"pct":72.22},"statements":{"total":121,"covered":112,"skipped":0,"pct":92.56},"branches":{"total":64,"covered":48,"skipped":0,"pct":75}}
,"/Users/mettamazza/Desktop/Ernos 3.0/src/gaming/mineflayer/commands/equip_utils.js": {"lines":{"total":84,"covered":75,"skipped":0,"pct":89.28},"functions":{"total":6,"covered":6,"skipped":0,"pct":100},"statements":{"total":97,"covered":84,"skipped":0,"pct":86.59},"branches":{"total":58,"covered":44,"skipped":0,"pct":75.86}}
,"/Users/mettamazza/Desktop/Ernos 3.0/src/gaming/mineflayer/commands/farming.js": {"lines":{"total":90,"covered":84,"skipped":0,"pct":93.33},"functions":{"total":13,"covered":9,"skipped":0,"pct":69.23},"statements":{"total":114,"covered":104,"skipped":0,"pct":91.22},"branches":{"total":51,"covered":37,"skipped":0,"pct":72.54}}
,"/Users/mettamazza/Desktop/Ernos 3.0/src/gaming/mineflayer/commands/movement.js": {"lines":{"total":166,"covered":129,"skipped":0,"pct":77.71},"functions":{"total":20,"covered":16,"skipped":0,"pct":80},"statements":{"total":177,"covered":136,"skipped":0,"pct":76.83},"branches":{"total":97,"covered":67,"skipped":0,"pct":69.07}}
,"/Users/mettamazza/Desktop/Ernos 3.0/src/gaming/mineflayer/commands/resources.js": {"lines":{"total":106,"covered":85,"skipped":0,"pct":80.18},"functions":{"total":6,"covered":6,"skipped":0,"pct":100},"statements":{"total":117,"covered":92,"skipped":0,"pct":78.63},"branches":{"total":65,"covered":43,"skipped":0,"pct":66.15}}
,"/Users/mettamazza/Desktop/Ernos 3.0/src/gaming/mineflayer/commands/social.js": {"lines":{"total":94,"covered":80,"skipped":0,"pct":85.1},"functions":{"total":15,"covered":13,"skipped":0,"pct":86.66},"statements":{"total":110,"covered":91,"skipped":0,"pct":82.72},"branches":{"total":69,"covered":42,"skipped":0,"pct":60.86}}
}
