{"/Users/mettamazza/Desktop/Ernos 3.0/src/gaming/mineflayer/autonomy.js": {"path":"/Users/mettamazza/Desktop/Ernos 3.0/src/gaming/mineflayer/autonomy.js","statementMap":{"0":{"start":{"line":12,"column":37},"end":{"line":12,"column":56}},"1":{"start":{"line":15,"column":22},"end":{"line":15,"column":26}},"2":{"start":{"line":16,"column":20},"end":{"line":16,"column":24}},"3":{"start":{"line":19,"column":21},"end":{"line":28,"column":1}},"4":{"start":{"line":35,"column":18},"end":{"line":35,"column":39}},"5":{"start":{"line":36,"column":4},"end":{"line":39,"column":5}},"6":{"start":{"line":37,"column":21},"end":{"line":37,"column":57}},"7":{"start":{"line":37,"column":37},"end":{"line":37,"column":56}},"8":{"start":{"line":38,"column":8},"end":{"line":38,"column":30}},"9":{"start":{"line":38,"column":18},"end":{"line":38,"column":30}},"10":{"start":{"line":41,"column":4},"end":{"line":44,"column":14}},"11":{"start":{"line":42,"column":8},"end":{"line":43,"column":59}},"12":{"start":{"line":51,"column":15},"end":{"line":51,"column":20}},"13":{"start":{"line":53,"column":16},"end":{"line":53,"column":24}},"14":{"start":{"line":54,"column":4},"end":{"line":54,"column":55}},"15":{"start":{"line":54,"column":48},"end":{"line":54,"column":55}},"16":{"start":{"line":55,"column":4},"end":{"line":55,"column":25}},"17":{"start":{"line":55,"column":18},"end":{"line":55,"column":25}},"18":{"start":{"line":56,"column":4},"end":{"line":56,"column":31}},"19":{"start":{"line":56,"column":24},"end":{"line":56,"column":31}},"20":{"start":{"line":58,"column":17},"end":{"line":58,"column":34}},"21":{"start":{"line":59,"column":4},"end":{"line":59,"column":22}},"22":{"start":{"line":59,"column":15},"end":{"line":59,"column":22}},"23":{"start":{"line":61,"column":4},"end":{"line":61,"column":20}},"24":{"start":{"line":62,"column":4},"end":{"line":71,"column":5}},"25":{"start":{"line":63,"column":8},"end":{"line":63,"column":38}},"26":{"start":{"line":64,"column":8},"end":{"line":64,"column":28}},"27":{"start":{"line":65,"column":8},"end":{"line":65,"column":77}},"28":{"start":{"line":66,"column":8},"end":{"line":66,"column":51}},"29":{"start":{"line":68,"column":8},"end":{"line":68,"column":81}},"30":{"start":{"line":70,"column":8},"end":{"line":70,"column":25}},"31":{"start":{"line":80,"column":4},"end":{"line":85,"column":7}},"32":{"start":{"line":82,"column":8},"end":{"line":84,"column":9}},"33":{"start":{"line":83,"column":12},"end":{"line":83,"column":42}},"34":{"start":{"line":88,"column":4},"end":{"line":93,"column":14}},"35":{"start":{"line":89,"column":8},"end":{"line":89,"column":51}},"36":{"start":{"line":89,"column":44},"end":{"line":89,"column":51}},"37":{"start":{"line":90,"column":8},"end":{"line":92,"column":9}},"38":{"start":{"line":91,"column":12},"end":{"line":91,"column":42}},"39":{"start":{"line":96,"column":4},"end":{"line":101,"column":7}},"40":{"start":{"line":97,"column":8},"end":{"line":97,"column":72}},"41":{"start":{"line":98,"column":8},"end":{"line":100,"column":11}},"42":{"start":{"line":104,"column":4},"end":{"line":166,"column":7}},"43":{"start":{"line":105,"column":8},"end":{"line":105,"column":35}},"44":{"start":{"line":105,"column":28},"end":{"line":105,"column":35}},"45":{"start":{"line":108,"column":8},"end":{"line":108,"column":55}},"46":{"start":{"line":111,"column":8},"end":{"line":165,"column":17}},"47":{"start":{"line":112,"column":12},"end":{"line":164,"column":13}},"48":{"start":{"line":113,"column":28},"end":{"line":113,"column":36}},"49":{"start":{"line":114,"column":16},"end":{"line":114,"column":48}},"50":{"start":{"line":114,"column":41},"end":{"line":114,"column":48}},"51":{"start":{"line":116,"column":28},"end":{"line":116,"column":47}},"52":{"start":{"line":117,"column":29},"end":{"line":117,"column":58}},"53":{"start":{"line":120,"column":16},"end":{"line":159,"column":17}},"54":{"start":{"line":121,"column":29},"end":{"line":121,"column":52}},"55":{"start":{"line":122,"column":29},"end":{"line":122,"column":52}},"56":{"start":{"line":123,"column":32},"end":{"line":123,"column":65}},"57":{"start":{"line":126,"column":34},"end":{"line":126,"column":57}},"58":{"start":{"line":127,"column":34},"end":{"line":127,"column":57}},"59":{"start":{"line":130,"column":40},"end":{"line":132,"column":22}},"60":{"start":{"line":133,"column":20},"end":{"line":143,"column":21}},"61":{"start":{"line":135,"column":38},"end":{"line":135,"column":41}},"62":{"start":{"line":136,"column":24},"end":{"line":136,"column":32}},"63":{"start":{"line":137,"column":24},"end":{"line":137,"column":35}},"64":{"start":{"line":138,"column":24},"end":{"line":138,"column":58}},"65":{"start":{"line":139,"column":24},"end":{"line":139,"column":58}},"66":{"start":{"line":140,"column":24},"end":{"line":142,"column":27}},"67":{"start":{"line":145,"column":20},"end":{"line":145,"column":56}},"68":{"start":{"line":146,"column":20},"end":{"line":146,"column":57}},"69":{"start":{"line":148,"column":20},"end":{"line":152,"column":23}},"70":{"start":{"line":155,"column":20},"end":{"line":158,"column":29}},"71":{"start":{"line":156,"column":24},"end":{"line":156,"column":49}},"72":{"start":{"line":157,"column":24},"end":{"line":157,"column":68}},"73":{"start":{"line":161,"column":16},"end":{"line":161,"column":37}},"74":{"start":{"line":163,"column":16},"end":{"line":163,"column":85}},"75":{"start":{"line":168,"column":4},"end":{"line":168,"column":45}},"76":{"start":{"line":175,"column":4},"end":{"line":178,"column":5}},"77":{"start":{"line":176,"column":8},"end":{"line":176,"column":39}},"78":{"start":{"line":177,"column":8},"end":{"line":177,"column":31}},"79":{"start":{"line":179,"column":4},"end":{"line":179,"column":21}},"80":{"start":{"line":180,"column":4},"end":{"line":180,"column":25}},"81":{"start":{"line":183,"column":0},"end":{"line":183,"column":63}}},"fnMap":{"0":{"name":"findBestFood","decl":{"start":{"line":34,"column":9},"end":{"line":34,"column":21}},"loc":{"start":{"line":34,"column":27},"end":{"line":45,"column":1}},"line":34},"1":{"name":"(anonymous_1)","decl":{"start":{"line":37,"column":32},"end":{"line":37,"column":33}},"loc":{"start":{"line":37,"column":37},"end":{"line":37,"column":56}},"line":37},"2":{"name":"(anonymous_2)","decl":{"start":{"line":41,"column":22},"end":{"line":41,"column":23}},"loc":{"start":{"line":42,"column":8},"end":{"line":43,"column":59}},"line":42},"3":{"name":"tryAutoEat","decl":{"start":{"line":52,"column":15},"end":{"line":52,"column":25}},"loc":{"start":{"line":52,"column":28},"end":{"line":72,"column":1}},"line":52},"4":{"name":"setupAutonomy","decl":{"start":{"line":78,"column":9},"end":{"line":78,"column":22}},"loc":{"start":{"line":78,"column":28},"end":{"line":169,"column":1}},"line":78},"5":{"name":"(anonymous_5)","decl":{"start":{"line":80,"column":21},"end":{"line":80,"column":22}},"loc":{"start":{"line":80,"column":27},"end":{"line":85,"column":5}},"line":80},"6":{"name":"(anonymous_6)","decl":{"start":{"line":83,"column":31},"end":{"line":83,"column":32}},"loc":{"start":{"line":83,"column":37},"end":{"line":83,"column":40}},"line":83},"7":{"name":"(anonymous_7)","decl":{"start":{"line":88,"column":34},"end":{"line":88,"column":35}},"loc":{"start":{"line":88,"column":40},"end":{"line":93,"column":5}},"line":88},"8":{"name":"(anonymous_8)","decl":{"start":{"line":91,"column":31},"end":{"line":91,"column":32}},"loc":{"start":{"line":91,"column":37},"end":{"line":91,"column":40}},"line":91},"9":{"name":"(anonymous_9)","decl":{"start":{"line":96,"column":20},"end":{"line":96,"column":21}},"loc":{"start":{"line":96,"column":26},"end":{"line":101,"column":5}},"line":96},"10":{"name":"(anonymous_10)","decl":{"start":{"line":104,"column":22},"end":{"line":104,"column":23}},"loc":{"start":{"line":104,"column":28},"end":{"line":166,"column":5}},"line":104},"11":{"name":"(anonymous_11)","decl":{"start":{"line":111,"column":19},"end":{"line":111,"column":20}},"loc":{"start":{"line":111,"column":31},"end":{"line":165,"column":9}},"line":111},"12":{"name":"(anonymous_12)","decl":{"start":{"line":155,"column":31},"end":{"line":155,"column":32}},"loc":{"start":{"line":155,"column":37},"end":{"line":158,"column":21}},"line":155},"13":{"name":"stopAutonomy","decl":{"start":{"line":174,"column":9},"end":{"line":174,"column":21}},"loc":{"start":{"line":174,"column":24},"end":{"line":181,"column":1}},"line":174}},"branchMap":{"0":{"loc":{"start":{"line":38,"column":8},"end":{"line":38,"column":30}},"type":"if","locations":[{"start":{"line":38,"column":8},"end":{"line":38,"column":30}},{"start":{},"end":{}}],"line":38},"1":{"loc":{"start":{"line":41,"column":11},"end":{"line":44,"column":13}},"type":"binary-expr","locations":[{"start":{"line":41,"column":11},"end":{"line":44,"column":5}},{"start":{"line":44,"column":9},"end":{"line":44,"column":13}}],"line":41},"2":{"loc":{"start":{"line":42,"column":8},"end":{"line":43,"column":59}},"type":"binary-expr","locations":[{"start":{"line":42,"column":8},"end":{"line":42,"column":33}},{"start":{"line":42,"column":37},"end":{"line":42,"column":61}},{"start":{"line":43,"column":8},"end":{"line":43,"column":32}},{"start":{"line":43,"column":36},"end":{"line":43,"column":59}}],"line":42},"3":{"loc":{"start":{"line":54,"column":4},"end":{"line":54,"column":55}},"type":"if","locations":[{"start":{"line":54,"column":4},"end":{"line":54,"column":55}},{"start":{},"end":{}}],"line":54},"4":{"loc":{"start":{"line":54,"column":8},"end":{"line":54,"column":46}},"type":"binary-expr","locations":[{"start":{"line":54,"column":8},"end":{"line":54,"column":12}},{"start":{"line":54,"column":16},"end":{"line":54,"column":27}},{"start":{"line":54,"column":31},"end":{"line":54,"column":46}}],"line":54},"5":{"loc":{"start":{"line":55,"column":4},"end":{"line":55,"column":25}},"type":"if","locations":[{"start":{"line":55,"column":4},"end":{"line":55,"column":25}},{"start":{},"end":{}}],"line":55},"6":{"loc":{"start":{"line":56,"column":4},"end":{"line":56,"column":31}},"type":"if","locations":[{"start":{"line":56,"column":4},"end":{"line":56,"column":31}},{"start":{},"end":{}}],"line":56},"7":{"loc":{"start":{"line":59,"column":4},"end":{"line":59,"column":22}},"type":"if","locations":[{"start":{"line":59,"column":4},"end":{"line":59,"column":22}},{"start":{},"end":{}}],"line":59},"8":{"loc":{"start":{"line":82,"column":8},"end":{"line":84,"column":9}},"type":"if","locations":[{"start":{"line":82,"column":8},"end":{"line":84,"column":9}},{"start":{},"end":{}}],"line":82},"9":{"loc":{"start":{"line":82,"column":12},"end":{"line":82,"column":43}},"type":"binary-expr","locations":[{"start":{"line":82,"column":12},"end":{"line":82,"column":25}},{"start":{"line":82,"column":29},"end":{"line":82,"column":43}}],"line":82},"10":{"loc":{"start":{"line":89,"column":8},"end":{"line":89,"column":51}},"type":"if","locations":[{"start":{"line":89,"column":8},"end":{"line":89,"column":51}},{"start":{},"end":{}}],"line":89},"11":{"loc":{"start":{"line":89,"column":12},"end":{"line":89,"column":42}},"type":"binary-expr","locations":[{"start":{"line":89,"column":12},"end":{"line":89,"column":23}},{"start":{"line":89,"column":27},"end":{"line":89,"column":42}}],"line":89},"12":{"loc":{"start":{"line":90,"column":8},"end":{"line":92,"column":9}},"type":"if","locations":[{"start":{"line":90,"column":8},"end":{"line":92,"column":9}},{"start":{},"end":{}}],"line":90},"13":{"loc":{"start":{"line":97,"column":24},"end":{"line":97,"column":71}},"type":"cond-expr","locations":[{"start":{"line":97,"column":37},"end":{"line":97,"column":64}},{"start":{"line":97,"column":67},"end":{"line":97,"column":71}}],"line":97},"14":{"loc":{"start":{"line":105,"column":8},"end":{"line":105,"column":35}},"type":"if","locations":[{"start":{"line":105,"column":8},"end":{"line":105,"column":35}},{"start":{},"end":{}}],"line":105},"15":{"loc":{"start":{"line":114,"column":16},"end":{"line":114,"column":48}},"type":"if","locations":[{"start":{"line":114,"column":16},"end":{"line":114,"column":48}},{"start":{},"end":{}}],"line":114},"16":{"loc":{"start":{"line":114,"column":20},"end":{"line":114,"column":39}},"type":"binary-expr","locations":[{"start":{"line":114,"column":20},"end":{"line":114,"column":24}},{"start":{"line":114,"column":28},"end":{"line":114,"column":39}}],"line":114},"17":{"loc":{"start":{"line":120,"column":16},"end":{"line":159,"column":17}},"type":"if","locations":[{"start":{"line":120,"column":16},"end":{"line":159,"column":17}},{"start":{},"end":{}}],"line":120},"18":{"loc":{"start":{"line":123,"column":32},"end":{"line":123,"column":65}},"type":"binary-expr","locations":[{"start":{"line":123,"column":32},"end":{"line":123,"column":60}},{"start":{"line":123,"column":64},"end":{"line":123,"column":65}}],"line":123},"19":{"loc":{"start":{"line":133,"column":20},"end":{"line":143,"column":21}},"type":"if","locations":[{"start":{"line":133,"column":20},"end":{"line":143,"column":21}},{"start":{},"end":{}}],"line":133},"20":{"loc":{"start":{"line":133,"column":24},"end":{"line":133,"column":67}},"type":"binary-expr","locations":[{"start":{"line":133,"column":24},"end":{"line":133,"column":35}},{"start":{"line":133,"column":39},"end":{"line":133,"column":67}}],"line":133},"21":{"loc":{"start":{"line":175,"column":4},"end":{"line":178,"column":5}},"type":"if","locations":[{"start":{"line":175,"column":4},"end":{"line":178,"column":5}},{"start":{},"end":{}}],"line":175}},"s":{"0":1,"1":1,"2":1,"3":1,"4":6,"5":6,"6":82,"7":126,"8":82,"9":4,"10":2,"11":3,"12":1,"13":2,"14":2,"15":0,"16":2,"17":0,"18":2,"19":0,"20":2,"21":2,"22":0,"23":2,"24":2,"25":2,"26":2,"27":2,"28":2,"29":0,"30":2,"31":9,"32":2,"33":1,"34":9,"35":1,"36":0,"37":1,"38":1,"39":9,"40":2,"41":2,"42":9,"43":2,"44":1,"45":1,"46":1,"47":1,"48":1,"49":1,"50":0,"51":1,"52":1,"53":1,"54":1,"55":1,"56":1,"57":1,"58":1,"59":1,"60":1,"61":0,"62":0,"63":0,"64":0,"65":0,"66":0,"67":1,"68":1,"69":1,"70":1,"71":0,"72":0,"73":1,"74":0,"75":9,"76":14,"77":9,"78":9,"79":14,"80":14,"81":1},"f":{"0":6,"1":126,"2":3,"3":2,"4":9,"5":2,"6":0,"7":1,"8":0,"9":2,"10":2,"11":1,"12":0,"13":14},"b":{"0":[4,78],"1":[2,1],"2":[3,2,2,2],"3":[0,2],"4":[2,2,2],"5":[0,2],"6":[0,2],"7":[0,2],"8":[1,1],"9":[2,1],"10":[0,1],"11":[1,1],"12":[1,0],"13":[2,0],"14":[1,1],"15":[0,1],"16":[1,1],"17":[1,0],"18":[1,1],"19":[0,1],"20":[1,1],"21":[9,5]},"_coverageSchema":"1a1c01bbd47fc00a2c39e90264f33305004495a9","hash":"d72003cb30ca88deb9acd32c2bd5cac2316eab57"}
,"/Users/mettamazza/Desktop/Ernos 3.0/src/gaming/mineflayer/bot.js": {"path":"/Users/mettamazza/Desktop/Ernos 3.0/src/gaming/mineflayer/bot.js","statementMap":{"0":{"start":{"line":8,"column":19},"end":{"line":8,"column":40}},"1":{"start":{"line":9,"column":17},"end":{"line":9,"column":36}},"2":{"start":{"line":10,"column":15},"end":{"line":10,"column":34}},"3":{"start":{"line":13,"column":15},"end":{"line":13,"column":34}},"4":{"start":{"line":14,"column":38},"end":{"line":14,"column":57}},"5":{"start":{"line":15,"column":26},"end":{"line":15,"column":47}},"6":{"start":{"line":16,"column":15},"end":{"line":16,"column":38}},"7":{"start":{"line":19,"column":78},"end":{"line":19,"column":108}},"8":{"start":{"line":20,"column":70},"end":{"line":20,"column":103}},"9":{"start":{"line":21,"column":62},"end":{"line":21,"column":93}},"10":{"start":{"line":22,"column":51},"end":{"line":22,"column":80}},"11":{"start":{"line":27,"column":4},"end":{"line":27,"column":34}},"12":{"start":{"line":31,"column":4},"end":{"line":31,"column":32}},"13":{"start":{"line":37,"column":4},"end":{"line":37,"column":25}},"14":{"start":{"line":40,"column":0},"end":{"line":43,"column":3}},"15":{"start":{"line":41,"column":4},"end":{"line":41,"column":64}},"16":{"start":{"line":42,"column":4},"end":{"line":42,"column":29}},"17":{"start":{"line":44,"column":0},"end":{"line":47,"column":3}},"18":{"start":{"line":45,"column":4},"end":{"line":45,"column":60}},"19":{"start":{"line":46,"column":4},"end":{"line":46,"column":60}},"20":{"start":{"line":46,"column":32},"end":{"line":46,"column":60}},"21":{"start":{"line":48,"column":0},"end":{"line":48,"column":88}},"22":{"start":{"line":48,"column":31},"end":{"line":48,"column":84}},"23":{"start":{"line":49,"column":0},"end":{"line":49,"column":76}},"24":{"start":{"line":49,"column":30},"end":{"line":49,"column":72}},"25":{"start":{"line":50,"column":0},"end":{"line":50,"column":74}},"26":{"start":{"line":50,"column":29},"end":{"line":50,"column":70}},"27":{"start":{"line":53,"column":15},"end":{"line":58,"column":1}},"28":{"start":{"line":62,"column":16},"end":{"line":62,"column":44}},"29":{"start":{"line":64,"column":4},"end":{"line":64,"column":38}},"30":{"start":{"line":67,"column":4},"end":{"line":67,"column":149}},"31":{"start":{"line":67,"column":10},"end":{"line":67,"column":68}},"32":{"start":{"line":67,"column":83},"end":{"line":67,"column":147}},"33":{"start":{"line":68,"column":4},"end":{"line":68,"column":131}},"34":{"start":{"line":68,"column":10},"end":{"line":68,"column":59}},"35":{"start":{"line":68,"column":74},"end":{"line":68,"column":129}},"36":{"start":{"line":69,"column":4},"end":{"line":69,"column":141}},"37":{"start":{"line":69,"column":10},"end":{"line":69,"column":64}},"38":{"start":{"line":69,"column":79},"end":{"line":69,"column":139}},"39":{"start":{"line":70,"column":4},"end":{"line":70,"column":144}},"40":{"start":{"line":70,"column":10},"end":{"line":70,"column":62}},"41":{"start":{"line":70,"column":77},"end":{"line":70,"column":142}},"42":{"start":{"line":71,"column":4},"end":{"line":71,"column":133}},"43":{"start":{"line":71,"column":10},"end":{"line":71,"column":60}},"44":{"start":{"line":71,"column":75},"end":{"line":71,"column":131}},"45":{"start":{"line":74,"column":4},"end":{"line":74,"column":23}},"46":{"start":{"line":76,"column":4},"end":{"line":98,"column":7}},"47":{"start":{"line":77,"column":26},"end":{"line":77,"column":64}},"48":{"start":{"line":78,"column":25},"end":{"line":78,"column":40}},"49":{"start":{"line":79,"column":8},"end":{"line":79,"column":30}},"50":{"start":{"line":80,"column":8},"end":{"line":80,"column":36}},"51":{"start":{"line":83,"column":8},"end":{"line":83,"column":31}},"52":{"start":{"line":85,"column":26},"end":{"line":85,"column":62}},"53":{"start":{"line":86,"column":8},"end":{"line":86,"column":47}},"54":{"start":{"line":88,"column":8},"end":{"line":88,"column":126}},"55":{"start":{"line":89,"column":8},"end":{"line":89,"column":69}},"56":{"start":{"line":95,"column":8},"end":{"line":97,"column":11}},"57":{"start":{"line":96,"column":12},"end":{"line":96,"column":62}},"58":{"start":{"line":96,"column":25},"end":{"line":96,"column":62}},"59":{"start":{"line":101,"column":4},"end":{"line":101,"column":21}},"60":{"start":{"line":104,"column":4},"end":{"line":104,"column":23}},"61":{"start":{"line":107,"column":24},"end":{"line":107,"column":29}},"62":{"start":{"line":108,"column":4},"end":{"line":120,"column":7}},"63":{"start":{"line":109,"column":8},"end":{"line":119,"column":9}},"64":{"start":{"line":110,"column":12},"end":{"line":110,"column":90}},"65":{"start":{"line":111,"column":12},"end":{"line":111,"column":34}},"66":{"start":{"line":112,"column":12},"end":{"line":112,"column":37}},"67":{"start":{"line":113,"column":12},"end":{"line":113,"column":46}},"68":{"start":{"line":114,"column":12},"end":{"line":114,"column":49}},"69":{"start":{"line":115,"column":12},"end":{"line":115,"column":33}},"70":{"start":{"line":116,"column":15},"end":{"line":119,"column":9}},"71":{"start":{"line":117,"column":12},"end":{"line":117,"column":37}},"72":{"start":{"line":118,"column":12},"end":{"line":118,"column":34}},"73":{"start":{"line":121,"column":4},"end":{"line":124,"column":7}},"74":{"start":{"line":122,"column":8},"end":{"line":122,"column":44}},"75":{"start":{"line":123,"column":8},"end":{"line":123,"column":38}},"76":{"start":{"line":126,"column":4},"end":{"line":130,"column":7}},"77":{"start":{"line":127,"column":8},"end":{"line":127,"column":46}},"78":{"start":{"line":128,"column":8},"end":{"line":128,"column":40}},"79":{"start":{"line":132,"column":4},"end":{"line":148,"column":7}},"80":{"start":{"line":133,"column":8},"end":{"line":133,"column":117}},"81":{"start":{"line":134,"column":8},"end":{"line":147,"column":9}},"82":{"start":{"line":136,"column":29},"end":{"line":136,"column":50}},"83":{"start":{"line":137,"column":12},"end":{"line":141,"column":13}},"84":{"start":{"line":138,"column":16},"end":{"line":138,"column":46}},"85":{"start":{"line":139,"column":16},"end":{"line":139,"column":95}},"86":{"start":{"line":140,"column":16},"end":{"line":140,"column":73}},"87":{"start":{"line":143,"column":12},"end":{"line":143,"column":100}},"88":{"start":{"line":144,"column":12},"end":{"line":144,"column":60}},"89":{"start":{"line":146,"column":12},"end":{"line":146,"column":69}},"90":{"start":{"line":150,"column":4},"end":{"line":153,"column":7}},"91":{"start":{"line":151,"column":8},"end":{"line":151,"column":69}},"92":{"start":{"line":152,"column":8},"end":{"line":152,"column":60}},"93":{"start":{"line":155,"column":4},"end":{"line":157,"column":7}},"94":{"start":{"line":156,"column":8},"end":{"line":156,"column":47}},"95":{"start":{"line":161,"column":17},"end":{"line":189,"column":1}},"96":{"start":{"line":191,"column":0},"end":{"line":191,"column":34}},"97":{"start":{"line":194,"column":11},"end":{"line":194,"column":102}},"98":{"start":{"line":196,"column":0},"end":{"line":214,"column":3}},"99":{"start":{"line":197,"column":4},"end":{"line":213,"column":5}},"100":{"start":{"line":198,"column":45},"end":{"line":198,"column":61}},"101":{"start":{"line":200,"column":8},"end":{"line":203,"column":9}},"102":{"start":{"line":201,"column":12},"end":{"line":201,"column":72}},"103":{"start":{"line":202,"column":12},"end":{"line":202,"column":19}},"104":{"start":{"line":205,"column":8},"end":{"line":210,"column":9}},"105":{"start":{"line":206,"column":27},"end":{"line":206,"column":58}},"106":{"start":{"line":207,"column":12},"end":{"line":207,"column":42}},"107":{"start":{"line":209,"column":12},"end":{"line":209,"column":54}},"108":{"start":{"line":212,"column":8},"end":{"line":212,"column":55}},"109":{"start":{"line":217,"column":0},"end":{"line":217,"column":10}}},"fnMap":{"0":{"name":"(anonymous_0)","decl":{"start":{"line":40,"column":32},"end":{"line":40,"column":33}},"loc":{"start":{"line":40,"column":41},"end":{"line":43,"column":1}},"line":40},"1":{"name":"(anonymous_1)","decl":{"start":{"line":44,"column":33},"end":{"line":44,"column":34}},"loc":{"start":{"line":44,"column":45},"end":{"line":47,"column":1}},"line":44},"2":{"name":"(anonymous_2)","decl":{"start":{"line":48,"column":19},"end":{"line":48,"column":20}},"loc":{"start":{"line":48,"column":29},"end":{"line":48,"column":86}},"line":48},"3":{"name":"(anonymous_3)","decl":{"start":{"line":49,"column":22},"end":{"line":49,"column":23}},"loc":{"start":{"line":49,"column":28},"end":{"line":49,"column":74}},"line":49},"4":{"name":"(anonymous_4)","decl":{"start":{"line":50,"column":21},"end":{"line":50,"column":22}},"loc":{"start":{"line":50,"column":27},"end":{"line":50,"column":72}},"line":50},"5":{"name":"initBot","decl":{"start":{"line":61,"column":9},"end":{"line":61,"column":16}},"loc":{"start":{"line":61,"column":19},"end":{"line":158,"column":1}},"line":61},"6":{"name":"(anonymous_6)","decl":{"start":{"line":76,"column":22},"end":{"line":76,"column":23}},"loc":{"start":{"line":76,"column":28},"end":{"line":98,"column":5}},"line":76},"7":{"name":"(anonymous_7)","decl":{"start":{"line":95,"column":36},"end":{"line":95,"column":37}},"loc":{"start":{"line":95,"column":47},"end":{"line":97,"column":9}},"line":95},"8":{"name":"(anonymous_8)","decl":{"start":{"line":108,"column":21},"end":{"line":108,"column":22}},"loc":{"start":{"line":108,"column":27},"end":{"line":120,"column":5}},"line":108},"9":{"name":"(anonymous_9)","decl":{"start":{"line":121,"column":20},"end":{"line":121,"column":21}},"loc":{"start":{"line":121,"column":26},"end":{"line":124,"column":5}},"line":121},"10":{"name":"(anonymous_10)","decl":{"start":{"line":126,"column":22},"end":{"line":126,"column":23}},"loc":{"start":{"line":126,"column":28},"end":{"line":130,"column":5}},"line":126},"11":{"name":"(anonymous_11)","decl":{"start":{"line":132,"column":19},"end":{"line":132,"column":20}},"loc":{"start":{"line":132,"column":42},"end":{"line":148,"column":5}},"line":132},"12":{"name":"(anonymous_12)","decl":{"start":{"line":150,"column":20},"end":{"line":150,"column":21}},"loc":{"start":{"line":150,"column":29},"end":{"line":153,"column":5}},"line":150},"13":{"name":"(anonymous_13)","decl":{"start":{"line":155,"column":21},"end":{"line":155,"column":22}},"loc":{"start":{"line":155,"column":33},"end":{"line":157,"column":5}},"line":155},"14":{"name":"(anonymous_14)","decl":{"start":{"line":196,"column":14},"end":{"line":196,"column":15}},"loc":{"start":{"line":196,"column":30},"end":{"line":214,"column":1}},"line":196}},"branchMap":{"0":{"loc":{"start":{"line":46,"column":4},"end":{"line":46,"column":60}},"type":"if","locations":[{"start":{"line":46,"column":4},"end":{"line":46,"column":60}},{"start":{},"end":{}}],"line":46},"1":{"loc":{"start":{"line":46,"column":8},"end":{"line":46,"column":30}},"type":"binary-expr","locations":[{"start":{"line":46,"column":8},"end":{"line":46,"column":14}},{"start":{"line":46,"column":18},"end":{"line":46,"column":30}}],"line":46},"2":{"loc":{"start":{"line":54,"column":10},"end":{"line":54,"column":44}},"type":"binary-expr","locations":[{"start":{"line":54,"column":10},"end":{"line":54,"column":29}},{"start":{"line":54,"column":33},"end":{"line":54,"column":44}}],"line":54},"3":{"loc":{"start":{"line":55,"column":10},"end":{"line":55,"column":48}},"type":"binary-expr","locations":[{"start":{"line":55,"column":10},"end":{"line":55,"column":39}},{"start":{"line":55,"column":43},"end":{"line":55,"column":48}}],"line":55},"4":{"loc":{"start":{"line":56,"column":14},"end":{"line":56,"column":48}},"type":"binary-expr","locations":[{"start":{"line":56,"column":14},"end":{"line":56,"column":37}},{"start":{"line":56,"column":41},"end":{"line":56,"column":48}}],"line":56},"5":{"loc":{"start":{"line":57,"column":13},"end":{"line":57,"column":43}},"type":"binary-expr","locations":[{"start":{"line":57,"column":13},"end":{"line":57,"column":35}},{"start":{"line":57,"column":39},"end":{"line":57,"column":43}}],"line":57},"6":{"loc":{"start":{"line":96,"column":12},"end":{"line":96,"column":62}},"type":"if","locations":[{"start":{"line":96,"column":12},"end":{"line":96,"column":62}},{"start":{},"end":{}}],"line":96},"7":{"loc":{"start":{"line":109,"column":8},"end":{"line":119,"column":9}},"type":"if","locations":[{"start":{"line":109,"column":8},"end":{"line":119,"column":9}},{"start":{"line":116,"column":15},"end":{"line":119,"column":9}}],"line":109},"8":{"loc":{"start":{"line":109,"column":12},"end":{"line":109,"column":50}},"type":"binary-expr","locations":[{"start":{"line":109,"column":12},"end":{"line":109,"column":32}},{"start":{"line":109,"column":36},"end":{"line":109,"column":50}}],"line":109},"9":{"loc":{"start":{"line":116,"column":15},"end":{"line":119,"column":9}},"type":"if","locations":[{"start":{"line":116,"column":15},"end":{"line":119,"column":9}},{"start":{},"end":{}}],"line":116},"10":{"loc":{"start":{"line":116,"column":19},"end":{"line":116,"column":57}},"type":"binary-expr","locations":[{"start":{"line":116,"column":19},"end":{"line":116,"column":40}},{"start":{"line":116,"column":44},"end":{"line":116,"column":57}}],"line":116},"11":{"loc":{"start":{"line":134,"column":8},"end":{"line":147,"column":9}},"type":"if","locations":[{"start":{"line":134,"column":8},"end":{"line":147,"column":9}},{"start":{"line":145,"column":15},"end":{"line":147,"column":9}}],"line":134},"12":{"loc":{"start":{"line":137,"column":12},"end":{"line":141,"column":13}},"type":"if","locations":[{"start":{"line":137,"column":12},"end":{"line":141,"column":13}},{"start":{},"end":{}}],"line":137},"13":{"loc":{"start":{"line":137,"column":16},"end":{"line":137,"column":105}},"type":"binary-expr","locations":[{"start":{"line":137,"column":16},"end":{"line":137,"column":42}},{"start":{"line":137,"column":47},"end":{"line":137,"column":73}},{"start":{"line":137,"column":77},"end":{"line":137,"column":104}}],"line":137},"14":{"loc":{"start":{"line":198,"column":29},"end":{"line":198,"column":40}},"type":"default-arg","locations":[{"start":{"line":198,"column":38},"end":{"line":198,"column":40}}],"line":198},"15":{"loc":{"start":{"line":200,"column":8},"end":{"line":203,"column":9}},"type":"if","locations":[{"start":{"line":200,"column":8},"end":{"line":203,"column":9}},{"start":{},"end":{}}],"line":200}},"s":{"0":18,"1":18,"2":18,"3":18,"4":18,"5":18,"6":18,"7":18,"8":18,"9":18,"10":18,"11":18,"12":18,"13":18,"14":18,"15":1,"16":1,"17":18,"18":2,"19":2,"20":1,"21":18,"22":1,"23":18,"24":1,"25":18,"26":1,"27":18,"28":18,"29":18,"30":18,"31":18,"32":0,"33":18,"34":18,"35":0,"36":18,"37":18,"38":18,"39":18,"40":18,"41":0,"42":18,"43":18,"44":0,"45":18,"46":18,"47":2,"48":2,"49":2,"50":2,"51":2,"52":2,"53":2,"54":2,"55":2,"56":2,"57":2,"58":2,"59":18,"60":18,"61":18,"62":18,"63":0,"64":0,"65":0,"66":0,"67":0,"68":0,"69":0,"70":0,"71":0,"72":0,"73":18,"74":1,"75":1,"76":18,"77":1,"78":1,"79":18,"80":3,"81":3,"82":2,"83":2,"84":1,"85":1,"86":1,"87":2,"88":2,"89":1,"90":18,"91":1,"92":1,"93":18,"94":1,"95":18,"96":18,"97":18,"98":18,"99":3,"100":3,"101":2,"102":1,"103":1,"104":1,"105":1,"106":1,"107":0,"108":1,"109":18},"f":{"0":1,"1":2,"2":1,"3":1,"4":1,"5":18,"6":2,"7":2,"8":0,"9":1,"10":1,"11":3,"12":1,"13":1,"14":3},"b":{"0":[1,1],"1":[2,2],"2":[18,18],"3":[18,18],"4":[18,18],"5":[18,18],"6":[2,0],"7":[0,0],"8":[0,0],"9":[0,0],"10":[0,0],"11":[2,1],"12":[1,1],"13":[2,1,0],"14":[0],"15":[1,1]},"_coverageSchema":"1a1c01bbd47fc00a2c39e90264f33305004495a9","hash":"9080b52f7a812ef542da8b6f0f1a71256e2098be"}
,"/Users/mettamazza/Desktop/Ernos 3.0/src/gaming/mineflayer/combat.js": {"path":"/Users/mettamazza/Desktop/Ernos 3.0/src/gaming/mineflayer/combat.js","statementMap":{"0":{"start":{"line":8,"column":72},"end":{"line":8,"column":91}},"1":{"start":{"line":9,"column":28},"end":{"line":9,"column":61}},"2":{"start":{"line":12,"column":21},"end":{"line":12,"column":30}},"3":{"start":{"line":13,"column":25},"end":{"line":13,"column":26}},"4":{"start":{"line":14,"column":23},"end":{"line":14,"column":27}},"5":{"start":{"line":15,"column":22},"end":{"line":15,"column":27}},"6":{"start":{"line":16,"column":21},"end":{"line":16,"column":25}},"7":{"start":{"line":18,"column":20},"end":{"line":18,"column":90}},"8":{"start":{"line":21,"column":29},"end":{"line":21,"column":49}},"9":{"start":{"line":22,"column":35},"end":{"line":22,"column":61}},"10":{"start":{"line":23,"column":36},"end":{"line":23,"column":59}},"11":{"start":{"line":27,"column":16},"end":{"line":27,"column":24}},"12":{"start":{"line":28,"column":4},"end":{"line":28,"column":40}},"13":{"start":{"line":28,"column":33},"end":{"line":28,"column":40}},"14":{"start":{"line":29,"column":4},"end":{"line":29,"column":27}},"15":{"start":{"line":31,"column":19},"end":{"line":31,"column":38}},"16":{"start":{"line":32,"column":15},"end":{"line":32,"column":37}},"17":{"start":{"line":33,"column":15},"end":{"line":33,"column":37}},"18":{"start":{"line":34,"column":16},"end":{"line":34,"column":49}},"19":{"start":{"line":36,"column":18},"end":{"line":36,"column":50}},"20":{"start":{"line":37,"column":18},"end":{"line":37,"column":50}},"21":{"start":{"line":39,"column":4},"end":{"line":39,"column":53}},"22":{"start":{"line":40,"column":4},"end":{"line":40,"column":40}},"23":{"start":{"line":43,"column":18},"end":{"line":43,"column":19}},"24":{"start":{"line":44,"column":24},"end":{"line":44,"column":28}},"25":{"start":{"line":45,"column":27},"end":{"line":45,"column":30}},"26":{"start":{"line":47,"column":22},"end":{"line":67,"column":22}},"27":{"start":{"line":48,"column":8},"end":{"line":48,"column":34}},"28":{"start":{"line":51,"column":28},"end":{"line":51,"column":69}},"29":{"start":{"line":52,"column":23},"end":{"line":52,"column":46}},"30":{"start":{"line":53,"column":26},"end":{"line":53,"column":48}},"31":{"start":{"line":54,"column":23},"end":{"line":54,"column":38}},"32":{"start":{"line":56,"column":8},"end":{"line":66,"column":9}},"33":{"start":{"line":57,"column":12},"end":{"line":57,"column":37}},"34":{"start":{"line":58,"column":12},"end":{"line":58,"column":41}},"35":{"start":{"line":59,"column":12},"end":{"line":59,"column":49}},"36":{"start":{"line":60,"column":12},"end":{"line":60,"column":37}},"37":{"start":{"line":61,"column":12},"end":{"line":61,"column":36}},"38":{"start":{"line":62,"column":12},"end":{"line":65,"column":15}},"39":{"start":{"line":70,"column":4},"end":{"line":78,"column":26}},"40":{"start":{"line":71,"column":8},"end":{"line":71,"column":33}},"41":{"start":{"line":72,"column":8},"end":{"line":77,"column":9}},"42":{"start":{"line":73,"column":12},"end":{"line":73,"column":41}},"43":{"start":{"line":74,"column":12},"end":{"line":74,"column":49}},"44":{"start":{"line":75,"column":12},"end":{"line":75,"column":37}},"45":{"start":{"line":76,"column":12},"end":{"line":76,"column":36}},"46":{"start":{"line":83,"column":25},"end":{"line":83,"column":27}},"47":{"start":{"line":86,"column":4},"end":{"line":150,"column":7}},"48":{"start":{"line":87,"column":8},"end":{"line":87,"column":80}},"49":{"start":{"line":88,"column":8},"end":{"line":88,"column":68}},"50":{"start":{"line":90,"column":8},"end":{"line":148,"column":9}},"51":{"start":{"line":91,"column":32},"end":{"line":91,"column":59}},"52":{"start":{"line":92,"column":12},"end":{"line":92,"column":115}},"53":{"start":{"line":95,"column":12},"end":{"line":107,"column":13}},"54":{"start":{"line":96,"column":31},"end":{"line":100,"column":18}},"55":{"start":{"line":97,"column":20},"end":{"line":97,"column":56}},"56":{"start":{"line":97,"column":43},"end":{"line":97,"column":56}},"57":{"start":{"line":98,"column":20},"end":{"line":99,"column":60}},"58":{"start":{"line":101,"column":16},"end":{"line":106,"column":17}},"59":{"start":{"line":102,"column":20},"end":{"line":102,"column":128}},"60":{"start":{"line":103,"column":20},"end":{"line":103,"column":50}},"61":{"start":{"line":104,"column":20},"end":{"line":104,"column":48}},"62":{"start":{"line":105,"column":20},"end":{"line":105,"column":27}},"63":{"start":{"line":110,"column":25},"end":{"line":110,"column":29}},"64":{"start":{"line":111,"column":12},"end":{"line":114,"column":13}},"65":{"start":{"line":112,"column":32},"end":{"line":112,"column":89}},"66":{"start":{"line":113,"column":16},"end":{"line":113,"column":59}},"67":{"start":{"line":113,"column":33},"end":{"line":113,"column":59}},"68":{"start":{"line":116,"column":12},"end":{"line":125,"column":13}},"69":{"start":{"line":117,"column":16},"end":{"line":124,"column":19}},"70":{"start":{"line":118,"column":20},"end":{"line":118,"column":56}},"71":{"start":{"line":118,"column":43},"end":{"line":118,"column":56}},"72":{"start":{"line":119,"column":30},"end":{"line":119,"column":72}},"73":{"start":{"line":120,"column":20},"end":{"line":120,"column":44}},"74":{"start":{"line":120,"column":31},"end":{"line":120,"column":44}},"75":{"start":{"line":121,"column":20},"end":{"line":121,"column":107}},"76":{"start":{"line":121,"column":95},"end":{"line":121,"column":107}},"77":{"start":{"line":122,"column":20},"end":{"line":122,"column":103}},"78":{"start":{"line":122,"column":91},"end":{"line":122,"column":103}},"79":{"start":{"line":123,"column":20},"end":{"line":123,"column":33}},"80":{"start":{"line":127,"column":12},"end":{"line":147,"column":13}},"81":{"start":{"line":129,"column":16},"end":{"line":134,"column":17}},"82":{"start":{"line":130,"column":20},"end":{"line":130,"column":130}},"83":{"start":{"line":131,"column":20},"end":{"line":131,"column":50}},"84":{"start":{"line":132,"column":20},"end":{"line":132,"column":48}},"85":{"start":{"line":133,"column":20},"end":{"line":133,"column":27}},"86":{"start":{"line":136,"column":28},"end":{"line":136,"column":38}},"87":{"start":{"line":137,"column":16},"end":{"line":146,"column":17}},"88":{"start":{"line":138,"column":20},"end":{"line":138,"column":45}},"89":{"start":{"line":139,"column":20},"end":{"line":139,"column":154}},"90":{"start":{"line":140,"column":20},"end":{"line":145,"column":101}},"91":{"start":{"line":141,"column":24},"end":{"line":141,"column":92}},"92":{"start":{"line":143,"column":36},"end":{"line":143,"column":54}},"93":{"start":{"line":144,"column":36},"end":{"line":144,"column":117}},"94":{"start":{"line":145,"column":36},"end":{"line":145,"column":99}},"95":{"start":{"line":149,"column":8},"end":{"line":149,"column":36}},"96":{"start":{"line":153,"column":4},"end":{"line":181,"column":7}},"97":{"start":{"line":154,"column":8},"end":{"line":154,"column":42}},"98":{"start":{"line":154,"column":35},"end":{"line":154,"column":42}},"99":{"start":{"line":157,"column":8},"end":{"line":172,"column":9}},"100":{"start":{"line":158,"column":12},"end":{"line":158,"column":38}},"101":{"start":{"line":159,"column":12},"end":{"line":159,"column":127}},"102":{"start":{"line":161,"column":37},"end":{"line":167,"column":14}},"103":{"start":{"line":162,"column":16},"end":{"line":162,"column":72}},"104":{"start":{"line":162,"column":59},"end":{"line":162,"column":72}},"105":{"start":{"line":163,"column":26},"end":{"line":163,"column":68}},"106":{"start":{"line":164,"column":16},"end":{"line":164,"column":40}},"107":{"start":{"line":164,"column":27},"end":{"line":164,"column":40}},"108":{"start":{"line":165,"column":16},"end":{"line":166,"column":73}},"109":{"start":{"line":168,"column":12},"end":{"line":171,"column":13}},"110":{"start":{"line":169,"column":16},"end":{"line":169,"column":52}},"111":{"start":{"line":170,"column":16},"end":{"line":170,"column":133}},"112":{"start":{"line":175,"column":25},"end":{"line":175,"column":99}},"113":{"start":{"line":175,"column":48},"end":{"line":175,"column":98}},"114":{"start":{"line":176,"column":8},"end":{"line":180,"column":9}},"115":{"start":{"line":177,"column":12},"end":{"line":177,"column":48}},"116":{"start":{"line":178,"column":12},"end":{"line":178,"column":81}},"117":{"start":{"line":179,"column":12},"end":{"line":179,"column":74}},"118":{"start":{"line":185,"column":4},"end":{"line":290,"column":12}},"119":{"start":{"line":186,"column":8},"end":{"line":186,"column":70}},"120":{"start":{"line":186,"column":63},"end":{"line":186,"column":70}},"121":{"start":{"line":189,"column":31},"end":{"line":189,"column":33}},"122":{"start":{"line":190,"column":8},"end":{"line":196,"column":9}},"123":{"start":{"line":191,"column":12},"end":{"line":191,"column":79}},"124":{"start":{"line":191,"column":70},"end":{"line":191,"column":79}},"125":{"start":{"line":192,"column":12},"end":{"line":192,"column":68}},"126":{"start":{"line":192,"column":59},"end":{"line":192,"column":68}},"127":{"start":{"line":193,"column":12},"end":{"line":193,"column":63}},"128":{"start":{"line":193,"column":54},"end":{"line":193,"column":63}},"129":{"start":{"line":194,"column":25},"end":{"line":194,"column":72}},"130":{"start":{"line":195,"column":12},"end":{"line":195,"column":84}},"131":{"start":{"line":195,"column":27},"end":{"line":195,"column":84}},"132":{"start":{"line":199,"column":35},"end":{"line":199,"column":37}},"133":{"start":{"line":200,"column":8},"end":{"line":208,"column":9}},"134":{"start":{"line":201,"column":12},"end":{"line":207,"column":13}},"135":{"start":{"line":202,"column":16},"end":{"line":202,"column":83}},"136":{"start":{"line":202,"column":74},"end":{"line":202,"column":83}},"137":{"start":{"line":203,"column":16},"end":{"line":203,"column":75}},"138":{"start":{"line":203,"column":66},"end":{"line":203,"column":75}},"139":{"start":{"line":204,"column":16},"end":{"line":204,"column":65}},"140":{"start":{"line":204,"column":56},"end":{"line":204,"column":65}},"141":{"start":{"line":205,"column":29},"end":{"line":205,"column":76}},"142":{"start":{"line":206,"column":16},"end":{"line":206,"column":96}},"143":{"start":{"line":206,"column":31},"end":{"line":206,"column":96}},"144":{"start":{"line":211,"column":30},"end":{"line":211,"column":90}},"145":{"start":{"line":211,"column":55},"end":{"line":211,"column":89}},"146":{"start":{"line":212,"column":8},"end":{"line":216,"column":9}},"147":{"start":{"line":213,"column":12},"end":{"line":213,"column":103}},"148":{"start":{"line":214,"column":12},"end":{"line":214,"column":56}},"149":{"start":{"line":215,"column":12},"end":{"line":215,"column":19}},"150":{"start":{"line":219,"column":8},"end":{"line":226,"column":9}},"151":{"start":{"line":220,"column":31},"end":{"line":220,"column":105}},"152":{"start":{"line":220,"column":89},"end":{"line":220,"column":104}},"153":{"start":{"line":221,"column":12},"end":{"line":225,"column":13}},"154":{"start":{"line":222,"column":16},"end":{"line":222,"column":141}},"155":{"start":{"line":223,"column":16},"end":{"line":223,"column":60}},"156":{"start":{"line":224,"column":16},"end":{"line":224,"column":23}},"157":{"start":{"line":229,"column":8},"end":{"line":251,"column":9}},"158":{"start":{"line":230,"column":27},"end":{"line":230,"column":80}},"159":{"start":{"line":230,"column":61},"end":{"line":230,"column":76}},"160":{"start":{"line":231,"column":24},"end":{"line":231,"column":34}},"161":{"start":{"line":233,"column":12},"end":{"line":239,"column":13}},"162":{"start":{"line":235,"column":16},"end":{"line":238,"column":53}},"163":{"start":{"line":236,"column":20},"end":{"line":236,"column":77}},"164":{"start":{"line":237,"column":20},"end":{"line":237,"column":108}},"165":{"start":{"line":241,"column":12},"end":{"line":249,"column":13}},"166":{"start":{"line":242,"column":16},"end":{"line":242,"column":41}},"167":{"start":{"line":243,"column":16},"end":{"line":248,"column":38}},"168":{"start":{"line":244,"column":20},"end":{"line":244,"column":102}},"169":{"start":{"line":246,"column":32},"end":{"line":246,"column":57}},"170":{"start":{"line":247,"column":32},"end":{"line":247,"column":120}},"171":{"start":{"line":250,"column":12},"end":{"line":250,"column":19}},"172":{"start":{"line":254,"column":30},"end":{"line":256,"column":44}},"173":{"start":{"line":255,"column":25},"end":{"line":255,"column":59}},"174":{"start":{"line":256,"column":28},"end":{"line":256,"column":43}},"175":{"start":{"line":259,"column":29},"end":{"line":259,"column":98}},"176":{"start":{"line":259,"column":54},"end":{"line":259,"column":97}},"177":{"start":{"line":260,"column":8},"end":{"line":275,"column":9}},"178":{"start":{"line":261,"column":27},"end":{"line":261,"column":79}},"179":{"start":{"line":261,"column":59},"end":{"line":261,"column":78}},"180":{"start":{"line":262,"column":12},"end":{"line":274,"column":13}},"181":{"start":{"line":263,"column":32},"end":{"line":263,"column":55}},"182":{"start":{"line":264,"column":16},"end":{"line":266,"column":17}},"183":{"start":{"line":265,"column":20},"end":{"line":265,"column":67}},"184":{"start":{"line":268,"column":40},"end":{"line":268,"column":71}},"185":{"start":{"line":269,"column":16},"end":{"line":273,"column":17}},"186":{"start":{"line":270,"column":20},"end":{"line":270,"column":43}},"187":{"start":{"line":272,"column":20},"end":{"line":272,"column":41}},"188":{"start":{"line":277,"column":8},"end":{"line":289,"column":9}},"189":{"start":{"line":278,"column":27},"end":{"line":278,"column":43}},"190":{"start":{"line":279,"column":24},"end":{"line":279,"column":34}},"191":{"start":{"line":280,"column":12},"end":{"line":288,"column":13}},"192":{"start":{"line":281,"column":16},"end":{"line":281,"column":41}},"193":{"start":{"line":282,"column":16},"end":{"line":287,"column":38}},"194":{"start":{"line":283,"column":20},"end":{"line":283,"column":102}},"195":{"start":{"line":285,"column":32},"end":{"line":285,"column":57}},"196":{"start":{"line":286,"column":32},"end":{"line":286,"column":124}},"197":{"start":{"line":295,"column":4},"end":{"line":298,"column":5}},"198":{"start":{"line":296,"column":8},"end":{"line":296,"column":38}},"199":{"start":{"line":297,"column":8},"end":{"line":297,"column":30}},"200":{"start":{"line":301,"column":0},"end":{"line":307,"column":2}},"201":{"start":{"line":305,"column":37},"end":{"line":305,"column":52}}},"fnMap":{"0":{"name":"getAggroPlayers","decl":{"start":{"line":21,"column":9},"end":{"line":21,"column":24}},"loc":{"start":{"line":21,"column":27},"end":{"line":21,"column":51}},"line":21},"1":{"name":"getLastAutoAttackTime","decl":{"start":{"line":22,"column":9},"end":{"line":22,"column":30}},"loc":{"start":{"line":22,"column":33},"end":{"line":22,"column":63}},"line":22},"2":{"name":"setLastAutoAttackTime","decl":{"start":{"line":23,"column":9},"end":{"line":23,"column":30}},"loc":{"start":{"line":23,"column":34},"end":{"line":23,"column":61}},"line":23},"3":{"name":"fleeFrom","decl":{"start":{"line":26,"column":9},"end":{"line":26,"column":17}},"loc":{"start":{"line":26,"column":44},"end":{"line":79,"column":1}},"line":26},"4":{"name":"(anonymous_4)","decl":{"start":{"line":47,"column":34},"end":{"line":47,"column":35}},"loc":{"start":{"line":47,"column":40},"end":{"line":67,"column":5}},"line":47},"5":{"name":"(anonymous_5)","decl":{"start":{"line":70,"column":15},"end":{"line":70,"column":16}},"loc":{"start":{"line":70,"column":21},"end":{"line":78,"column":5}},"line":70},"6":{"name":"setupCombat","decl":{"start":{"line":82,"column":9},"end":{"line":82,"column":20}},"loc":{"start":{"line":82,"column":26},"end":{"line":291,"column":1}},"line":82},"7":{"name":"(anonymous_7)","decl":{"start":{"line":86,"column":21},"end":{"line":86,"column":22}},"loc":{"start":{"line":86,"column":27},"end":{"line":150,"column":5}},"line":86},"8":{"name":"(anonymous_8)","decl":{"start":{"line":96,"column":49},"end":{"line":96,"column":50}},"loc":{"start":{"line":96,"column":54},"end":{"line":100,"column":17}},"line":96},"9":{"name":"(anonymous_9)","decl":{"start":{"line":117,"column":43},"end":{"line":117,"column":44}},"loc":{"start":{"line":117,"column":48},"end":{"line":124,"column":17}},"line":117},"10":{"name":"(anonymous_10)","decl":{"start":{"line":140,"column":43},"end":{"line":140,"column":44}},"loc":{"start":{"line":141,"column":24},"end":{"line":141,"column":92}},"line":141},"11":{"name":"(anonymous_11)","decl":{"start":{"line":143,"column":30},"end":{"line":143,"column":31}},"loc":{"start":{"line":143,"column":36},"end":{"line":143,"column":54}},"line":143},"12":{"name":"(anonymous_12)","decl":{"start":{"line":144,"column":30},"end":{"line":144,"column":31}},"loc":{"start":{"line":144,"column":36},"end":{"line":144,"column":117}},"line":144},"13":{"name":"(anonymous_13)","decl":{"start":{"line":145,"column":31},"end":{"line":145,"column":32}},"loc":{"start":{"line":145,"column":36},"end":{"line":145,"column":99}},"line":145},"14":{"name":"(anonymous_14)","decl":{"start":{"line":153,"column":25},"end":{"line":153,"column":26}},"loc":{"start":{"line":153,"column":45},"end":{"line":181,"column":5}},"line":153},"15":{"name":"(anonymous_15)","decl":{"start":{"line":161,"column":55},"end":{"line":161,"column":56}},"loc":{"start":{"line":161,"column":60},"end":{"line":167,"column":13}},"line":161},"16":{"name":"(anonymous_16)","decl":{"start":{"line":175,"column":43},"end":{"line":175,"column":44}},"loc":{"start":{"line":175,"column":48},"end":{"line":175,"column":98}},"line":175},"17":{"name":"(anonymous_17)","decl":{"start":{"line":185,"column":33},"end":{"line":185,"column":34}},"loc":{"start":{"line":185,"column":39},"end":{"line":290,"column":5}},"line":185},"18":{"name":"(anonymous_18)","decl":{"start":{"line":211,"column":50},"end":{"line":211,"column":51}},"loc":{"start":{"line":211,"column":55},"end":{"line":211,"column":89}},"line":211},"19":{"name":"(anonymous_19)","decl":{"start":{"line":220,"column":79},"end":{"line":220,"column":80}},"loc":{"start":{"line":220,"column":89},"end":{"line":220,"column":104}},"line":220},"20":{"name":"(anonymous_20)","decl":{"start":{"line":230,"column":51},"end":{"line":230,"column":52}},"loc":{"start":{"line":230,"column":61},"end":{"line":230,"column":76}},"line":230},"21":{"name":"(anonymous_21)","decl":{"start":{"line":243,"column":39},"end":{"line":243,"column":40}},"loc":{"start":{"line":244,"column":20},"end":{"line":244,"column":102}},"line":244},"22":{"name":"(anonymous_22)","decl":{"start":{"line":246,"column":26},"end":{"line":246,"column":27}},"loc":{"start":{"line":246,"column":32},"end":{"line":246,"column":57}},"line":246},"23":{"name":"(anonymous_23)","decl":{"start":{"line":247,"column":26},"end":{"line":247,"column":27}},"loc":{"start":{"line":247,"column":32},"end":{"line":247,"column":120}},"line":247},"24":{"name":"(anonymous_24)","decl":{"start":{"line":248,"column":27},"end":{"line":248,"column":28}},"loc":{"start":{"line":248,"column":33},"end":{"line":248,"column":36}},"line":248},"25":{"name":"(anonymous_25)","decl":{"start":{"line":255,"column":20},"end":{"line":255,"column":21}},"loc":{"start":{"line":255,"column":25},"end":{"line":255,"column":59}},"line":255},"26":{"name":"(anonymous_26)","decl":{"start":{"line":256,"column":18},"end":{"line":256,"column":19}},"loc":{"start":{"line":256,"column":28},"end":{"line":256,"column":43}},"line":256},"27":{"name":"(anonymous_27)","decl":{"start":{"line":259,"column":49},"end":{"line":259,"column":50}},"loc":{"start":{"line":259,"column":54},"end":{"line":259,"column":97}},"line":259},"28":{"name":"(anonymous_28)","decl":{"start":{"line":261,"column":54},"end":{"line":261,"column":55}},"loc":{"start":{"line":261,"column":59},"end":{"line":261,"column":78}},"line":261},"29":{"name":"(anonymous_29)","decl":{"start":{"line":265,"column":56},"end":{"line":265,"column":57}},"loc":{"start":{"line":265,"column":62},"end":{"line":265,"column":65}},"line":265},"30":{"name":"(anonymous_30)","decl":{"start":{"line":282,"column":39},"end":{"line":282,"column":40}},"loc":{"start":{"line":283,"column":20},"end":{"line":283,"column":102}},"line":283},"31":{"name":"(anonymous_31)","decl":{"start":{"line":285,"column":26},"end":{"line":285,"column":27}},"loc":{"start":{"line":285,"column":32},"end":{"line":285,"column":57}},"line":285},"32":{"name":"(anonymous_32)","decl":{"start":{"line":286,"column":26},"end":{"line":286,"column":27}},"loc":{"start":{"line":286,"column":32},"end":{"line":286,"column":124}},"line":286},"33":{"name":"(anonymous_33)","decl":{"start":{"line":287,"column":27},"end":{"line":287,"column":28}},"loc":{"start":{"line":287,"column":33},"end":{"line":287,"column":36}},"line":287},"34":{"name":"stopCombat","decl":{"start":{"line":294,"column":9},"end":{"line":294,"column":19}},"loc":{"start":{"line":294,"column":22},"end":{"line":299,"column":1}},"line":294},"35":{"name":"(anonymous_35)","decl":{"start":{"line":305,"column":31},"end":{"line":305,"column":32}},"loc":{"start":{"line":305,"column":37},"end":{"line":305,"column":52}},"line":305}},"branchMap":{"0":{"loc":{"start":{"line":26,"column":29},"end":{"line":26,"column":42}},"type":"default-arg","locations":[{"start":{"line":26,"column":40},"end":{"line":26,"column":42}}],"line":26},"1":{"loc":{"start":{"line":28,"column":4},"end":{"line":28,"column":40}},"type":"if","locations":[{"start":{"line":28,"column":4},"end":{"line":28,"column":40}},{"start":{},"end":{}}],"line":28},"2":{"loc":{"start":{"line":28,"column":8},"end":{"line":28,"column":31}},"type":"binary-expr","locations":[{"start":{"line":28,"column":8},"end":{"line":28,"column":12}},{"start":{"line":28,"column":16},"end":{"line":28,"column":31}}],"line":28},"3":{"loc":{"start":{"line":34,"column":16},"end":{"line":34,"column":49}},"type":"binary-expr","locations":[{"start":{"line":34,"column":16},"end":{"line":34,"column":44}},{"start":{"line":34,"column":48},"end":{"line":34,"column":49}}],"line":34},"4":{"loc":{"start":{"line":56,"column":8},"end":{"line":66,"column":9}},"type":"if","locations":[{"start":{"line":56,"column":8},"end":{"line":66,"column":9}},{"start":{},"end":{}}],"line":56},"5":{"loc":{"start":{"line":56,"column":12},"end":{"line":56,"column":41}},"type":"binary-expr","locations":[{"start":{"line":56,"column":12},"end":{"line":56,"column":18}},{"start":{"line":56,"column":22},"end":{"line":56,"column":31}},{"start":{"line":56,"column":35},"end":{"line":56,"column":41}}],"line":56},"6":{"loc":{"start":{"line":63,"column":24},"end":{"line":63,"column":79}},"type":"cond-expr","locations":[{"start":{"line":63,"column":33},"end":{"line":63,"column":39}},{"start":{"line":63,"column":42},"end":{"line":63,"column":79}}],"line":63},"7":{"loc":{"start":{"line":63,"column":42},"end":{"line":63,"column":79}},"type":"cond-expr","locations":[{"start":{"line":63,"column":51},"end":{"line":63,"column":66}},{"start":{"line":63,"column":69},"end":{"line":63,"column":79}}],"line":63},"8":{"loc":{"start":{"line":72,"column":8},"end":{"line":77,"column":9}},"type":"if","locations":[{"start":{"line":72,"column":8},"end":{"line":77,"column":9}},{"start":{},"end":{}}],"line":72},"9":{"loc":{"start":{"line":90,"column":8},"end":{"line":148,"column":9}},"type":"if","locations":[{"start":{"line":90,"column":8},"end":{"line":148,"column":9}},{"start":{},"end":{}}],"line":90},"10":{"loc":{"start":{"line":90,"column":12},"end":{"line":90,"column":57}},"type":"binary-expr","locations":[{"start":{"line":90,"column":12},"end":{"line":90,"column":39}},{"start":{"line":90,"column":43},"end":{"line":90,"column":57}}],"line":90},"11":{"loc":{"start":{"line":95,"column":12},"end":{"line":107,"column":13}},"type":"if","locations":[{"start":{"line":95,"column":12},"end":{"line":107,"column":13}},{"start":{},"end":{}}],"line":95},"12":{"loc":{"start":{"line":95,"column":16},"end":{"line":95,"column":46}},"type":"binary-expr","locations":[{"start":{"line":95,"column":16},"end":{"line":95,"column":30}},{"start":{"line":95,"column":34},"end":{"line":95,"column":46}}],"line":95},"13":{"loc":{"start":{"line":97,"column":20},"end":{"line":97,"column":56}},"type":"if","locations":[{"start":{"line":97,"column":20},"end":{"line":97,"column":56}},{"start":{},"end":{}}],"line":97},"14":{"loc":{"start":{"line":97,"column":24},"end":{"line":97,"column":41}},"type":"binary-expr","locations":[{"start":{"line":97,"column":24},"end":{"line":97,"column":26}},{"start":{"line":97,"column":30},"end":{"line":97,"column":41}}],"line":97},"15":{"loc":{"start":{"line":98,"column":27},"end":{"line":99,"column":59}},"type":"binary-expr","locations":[{"start":{"line":98,"column":27},"end":{"line":98,"column":74}},{"start":{"line":99,"column":24},"end":{"line":99,"column":59}}],"line":98},"16":{"loc":{"start":{"line":101,"column":16},"end":{"line":106,"column":17}},"type":"if","locations":[{"start":{"line":101,"column":16},"end":{"line":106,"column":17}},{"start":{},"end":{}}],"line":101},"17":{"loc":{"start":{"line":111,"column":12},"end":{"line":114,"column":13}},"type":"if","locations":[{"start":{"line":111,"column":12},"end":{"line":114,"column":13}},{"start":{},"end":{}}],"line":111},"18":{"loc":{"start":{"line":111,"column":16},"end":{"line":111,"column":99}},"type":"binary-expr","locations":[{"start":{"line":111,"column":16},"end":{"line":111,"column":32}},{"start":{"line":111,"column":36},"end":{"line":111,"column":70}},{"start":{"line":111,"column":74},"end":{"line":111,"column":99}}],"line":111},"19":{"loc":{"start":{"line":113,"column":16},"end":{"line":113,"column":59}},"type":"if","locations":[{"start":{"line":113,"column":16},"end":{"line":113,"column":59}},{"start":{},"end":{}}],"line":113},"20":{"loc":{"start":{"line":116,"column":12},"end":{"line":125,"column":13}},"type":"if","locations":[{"start":{"line":116,"column":12},"end":{"line":125,"column":13}},{"start":{},"end":{}}],"line":116},"21":{"loc":{"start":{"line":118,"column":20},"end":{"line":118,"column":56}},"type":"if","locations":[{"start":{"line":118,"column":20},"end":{"line":118,"column":56}},{"start":{},"end":{}}],"line":118},"22":{"loc":{"start":{"line":118,"column":24},"end":{"line":118,"column":41}},"type":"binary-expr","locations":[{"start":{"line":118,"column":24},"end":{"line":118,"column":26}},{"start":{"line":118,"column":30},"end":{"line":118,"column":41}}],"line":118},"23":{"loc":{"start":{"line":120,"column":20},"end":{"line":120,"column":44}},"type":"if","locations":[{"start":{"line":120,"column":20},"end":{"line":120,"column":44}},{"start":{},"end":{}}],"line":120},"24":{"loc":{"start":{"line":121,"column":20},"end":{"line":121,"column":107}},"type":"if","locations":[{"start":{"line":121,"column":20},"end":{"line":121,"column":107}},{"start":{},"end":{}}],"line":121},"25":{"loc":{"start":{"line":121,"column":24},"end":{"line":121,"column":93}},"type":"binary-expr","locations":[{"start":{"line":121,"column":24},"end":{"line":121,"column":59}},{"start":{"line":121,"column":63},"end":{"line":121,"column":93}}],"line":121},"26":{"loc":{"start":{"line":122,"column":20},"end":{"line":122,"column":103}},"type":"if","locations":[{"start":{"line":122,"column":20},"end":{"line":122,"column":103}},{"start":{},"end":{}}],"line":122},"27":{"loc":{"start":{"line":122,"column":24},"end":{"line":122,"column":89}},"type":"binary-expr","locations":[{"start":{"line":122,"column":24},"end":{"line":122,"column":43}},{"start":{"line":122,"column":47},"end":{"line":122,"column":57}},{"start":{"line":122,"column":61},"end":{"line":122,"column":89}}],"line":122},"28":{"loc":{"start":{"line":127,"column":12},"end":{"line":147,"column":13}},"type":"if","locations":[{"start":{"line":127,"column":12},"end":{"line":147,"column":13}},{"start":{},"end":{}}],"line":127},"29":{"loc":{"start":{"line":129,"column":16},"end":{"line":134,"column":17}},"type":"if","locations":[{"start":{"line":129,"column":16},"end":{"line":134,"column":17}},{"start":{},"end":{}}],"line":129},"30":{"loc":{"start":{"line":137,"column":16},"end":{"line":146,"column":17}},"type":"if","locations":[{"start":{"line":137,"column":16},"end":{"line":146,"column":17}},{"start":{},"end":{}}],"line":137},"31":{"loc":{"start":{"line":139,"column":70},"end":{"line":139,"column":100}},"type":"binary-expr","locations":[{"start":{"line":139,"column":70},"end":{"line":139,"column":81}},{"start":{"line":139,"column":85},"end":{"line":139,"column":100}}],"line":139},"32":{"loc":{"start":{"line":139,"column":110},"end":{"line":139,"column":150}},"type":"cond-expr","locations":[{"start":{"line":139,"column":129},"end":{"line":139,"column":138}},{"start":{"line":139,"column":141},"end":{"line":139,"column":150}}],"line":139},"33":{"loc":{"start":{"line":141,"column":62},"end":{"line":141,"column":80}},"type":"binary-expr","locations":[{"start":{"line":141,"column":62},"end":{"line":141,"column":75}},{"start":{"line":141,"column":79},"end":{"line":141,"column":80}}],"line":141},"34":{"loc":{"start":{"line":144,"column":84},"end":{"line":144,"column":114}},"type":"binary-expr","locations":[{"start":{"line":144,"column":84},"end":{"line":144,"column":95}},{"start":{"line":144,"column":99},"end":{"line":144,"column":114}}],"line":144},"35":{"loc":{"start":{"line":154,"column":8},"end":{"line":154,"column":42}},"type":"if","locations":[{"start":{"line":154,"column":8},"end":{"line":154,"column":42}},{"start":{},"end":{}}],"line":154},"36":{"loc":{"start":{"line":157,"column":8},"end":{"line":172,"column":9}},"type":"if","locations":[{"start":{"line":157,"column":8},"end":{"line":172,"column":9}},{"start":{"line":160,"column":15},"end":{"line":172,"column":9}}],"line":157},"37":{"loc":{"start":{"line":157,"column":12},"end":{"line":157,"column":37}},"type":"binary-expr","locations":[{"start":{"line":157,"column":12},"end":{"line":157,"column":18}},{"start":{"line":157,"column":22},"end":{"line":157,"column":37}}],"line":157},"38":{"loc":{"start":{"line":159,"column":61},"end":{"line":159,"column":104}},"type":"binary-expr","locations":[{"start":{"line":159,"column":61},"end":{"line":159,"column":72}},{"start":{"line":159,"column":76},"end":{"line":159,"column":91}},{"start":{"line":159,"column":95},"end":{"line":159,"column":104}}],"line":159},"39":{"loc":{"start":{"line":162,"column":16},"end":{"line":162,"column":72}},"type":"if","locations":[{"start":{"line":162,"column":16},"end":{"line":162,"column":72}},{"start":{},"end":{}}],"line":162},"40":{"loc":{"start":{"line":162,"column":20},"end":{"line":162,"column":57}},"type":"binary-expr","locations":[{"start":{"line":162,"column":20},"end":{"line":162,"column":22}},{"start":{"line":162,"column":26},"end":{"line":162,"column":37}},{"start":{"line":162,"column":41},"end":{"line":162,"column":57}}],"line":162},"41":{"loc":{"start":{"line":164,"column":16},"end":{"line":164,"column":40}},"type":"if","locations":[{"start":{"line":164,"column":16},"end":{"line":164,"column":40}},{"start":{},"end":{}}],"line":164},"42":{"loc":{"start":{"line":165,"column":23},"end":{"line":166,"column":72}},"type":"binary-expr","locations":[{"start":{"line":165,"column":23},"end":{"line":165,"column":58}},{"start":{"line":166,"column":21},"end":{"line":166,"column":40}},{"start":{"line":166,"column":44},"end":{"line":166,"column":71}}],"line":165},"43":{"loc":{"start":{"line":168,"column":12},"end":{"line":171,"column":13}},"type":"if","locations":[{"start":{"line":168,"column":12},"end":{"line":171,"column":13}},{"start":{},"end":{}}],"line":168},"44":{"loc":{"start":{"line":170,"column":66},"end":{"line":170,"column":129}},"type":"binary-expr","locations":[{"start":{"line":170,"column":66},"end":{"line":170,"column":87}},{"start":{"line":170,"column":91},"end":{"line":170,"column":116}},{"start":{"line":170,"column":120},"end":{"line":170,"column":129}}],"line":170},"45":{"loc":{"start":{"line":175,"column":48},"end":{"line":175,"column":98}},"type":"binary-expr","locations":[{"start":{"line":175,"column":48},"end":{"line":175,"column":67}},{"start":{"line":175,"column":71},"end":{"line":175,"column":98}}],"line":175},"46":{"loc":{"start":{"line":176,"column":8},"end":{"line":180,"column":9}},"type":"if","locations":[{"start":{"line":176,"column":8},"end":{"line":180,"column":9}},{"start":{},"end":{}}],"line":176},"47":{"loc":{"start":{"line":176,"column":12},"end":{"line":176,"column":98}},"type":"binary-expr","locations":[{"start":{"line":176,"column":12},"end":{"line":176,"column":20}},{"start":{"line":176,"column":24},"end":{"line":176,"column":41}},{"start":{"line":176,"column":45},"end":{"line":176,"column":98}}],"line":176},"48":{"loc":{"start":{"line":186,"column":8},"end":{"line":186,"column":70}},"type":"if","locations":[{"start":{"line":186,"column":8},"end":{"line":186,"column":70}},{"start":{},"end":{}}],"line":186},"49":{"loc":{"start":{"line":186,"column":12},"end":{"line":186,"column":61}},"type":"binary-expr","locations":[{"start":{"line":186,"column":12},"end":{"line":186,"column":23}},{"start":{"line":186,"column":27},"end":{"line":186,"column":42}},{"start":{"line":186,"column":46},"end":{"line":186,"column":61}}],"line":186},"50":{"loc":{"start":{"line":191,"column":12},"end":{"line":191,"column":79}},"type":"if","locations":[{"start":{"line":191,"column":12},"end":{"line":191,"column":79}},{"start":{},"end":{}}],"line":191},"51":{"loc":{"start":{"line":191,"column":16},"end":{"line":191,"column":68}},"type":"binary-expr","locations":[{"start":{"line":191,"column":16},"end":{"line":191,"column":23}},{"start":{"line":191,"column":27},"end":{"line":191,"column":43}},{"start":{"line":191,"column":47},"end":{"line":191,"column":68}}],"line":191},"52":{"loc":{"start":{"line":192,"column":12},"end":{"line":192,"column":68}},"type":"if","locations":[{"start":{"line":192,"column":12},"end":{"line":192,"column":68}},{"start":{},"end":{}}],"line":192},"53":{"loc":{"start":{"line":193,"column":12},"end":{"line":193,"column":63}},"type":"if","locations":[{"start":{"line":193,"column":12},"end":{"line":193,"column":63}},{"start":{},"end":{}}],"line":193},"54":{"loc":{"start":{"line":195,"column":12},"end":{"line":195,"column":84}},"type":"if","locations":[{"start":{"line":195,"column":12},"end":{"line":195,"column":84}},{"start":{},"end":{}}],"line":195},"55":{"loc":{"start":{"line":200,"column":8},"end":{"line":208,"column":9}},"type":"if","locations":[{"start":{"line":200,"column":8},"end":{"line":208,"column":9}},{"start":{},"end":{}}],"line":200},"56":{"loc":{"start":{"line":202,"column":16},"end":{"line":202,"column":83}},"type":"if","locations":[{"start":{"line":202,"column":16},"end":{"line":202,"column":83}},{"start":{},"end":{}}],"line":202},"57":{"loc":{"start":{"line":202,"column":20},"end":{"line":202,"column":72}},"type":"binary-expr","locations":[{"start":{"line":202,"column":20},"end":{"line":202,"column":27}},{"start":{"line":202,"column":31},"end":{"line":202,"column":47}},{"start":{"line":202,"column":51},"end":{"line":202,"column":72}}],"line":202},"58":{"loc":{"start":{"line":203,"column":16},"end":{"line":203,"column":75}},"type":"if","locations":[{"start":{"line":203,"column":16},"end":{"line":203,"column":75}},{"start":{},"end":{}}],"line":203},"59":{"loc":{"start":{"line":203,"column":20},"end":{"line":203,"column":64}},"type":"binary-expr","locations":[{"start":{"line":203,"column":20},"end":{"line":203,"column":44}},{"start":{"line":203,"column":48},"end":{"line":203,"column":64}}],"line":203},"60":{"loc":{"start":{"line":204,"column":16},"end":{"line":204,"column":65}},"type":"if","locations":[{"start":{"line":204,"column":16},"end":{"line":204,"column":65}},{"start":{},"end":{}}],"line":204},"61":{"loc":{"start":{"line":206,"column":16},"end":{"line":206,"column":96}},"type":"if","locations":[{"start":{"line":206,"column":16},"end":{"line":206,"column":96}},{"start":{},"end":{}}],"line":206},"62":{"loc":{"start":{"line":211,"column":55},"end":{"line":211,"column":89}},"type":"binary-expr","locations":[{"start":{"line":211,"column":55},"end":{"line":211,"column":75}},{"start":{"line":211,"column":79},"end":{"line":211,"column":89}}],"line":211},"63":{"loc":{"start":{"line":212,"column":8},"end":{"line":216,"column":9}},"type":"if","locations":[{"start":{"line":212,"column":8},"end":{"line":216,"column":9}},{"start":{},"end":{}}],"line":212},"64":{"loc":{"start":{"line":219,"column":8},"end":{"line":226,"column":9}},"type":"if","locations":[{"start":{"line":219,"column":8},"end":{"line":226,"column":9}},{"start":{},"end":{}}],"line":219},"65":{"loc":{"start":{"line":219,"column":12},"end":{"line":219,"column":42}},"type":"binary-expr","locations":[{"start":{"line":219,"column":12},"end":{"line":219,"column":26}},{"start":{"line":219,"column":30},"end":{"line":219,"column":42}}],"line":219},"66":{"loc":{"start":{"line":221,"column":12},"end":{"line":225,"column":13}},"type":"if","locations":[{"start":{"line":221,"column":12},"end":{"line":225,"column":13}},{"start":{},"end":{}}],"line":221},"67":{"loc":{"start":{"line":221,"column":16},"end":{"line":221,"column":64}},"type":"binary-expr","locations":[{"start":{"line":221,"column":16},"end":{"line":221,"column":37}},{"start":{"line":221,"column":41},"end":{"line":221,"column":64}}],"line":221},"68":{"loc":{"start":{"line":229,"column":8},"end":{"line":251,"column":9}},"type":"if","locations":[{"start":{"line":229,"column":8},"end":{"line":251,"column":9}},{"start":{},"end":{}}],"line":229},"69":{"loc":{"start":{"line":233,"column":12},"end":{"line":239,"column":13}},"type":"if","locations":[{"start":{"line":233,"column":12},"end":{"line":239,"column":13}},{"start":{},"end":{}}],"line":233},"70":{"loc":{"start":{"line":241,"column":12},"end":{"line":249,"column":13}},"type":"if","locations":[{"start":{"line":241,"column":12},"end":{"line":249,"column":13}},{"start":{},"end":{}}],"line":241},"71":{"loc":{"start":{"line":241,"column":16},"end":{"line":241,"column":66}},"type":"binary-expr","locations":[{"start":{"line":241,"column":16},"end":{"line":241,"column":31}},{"start":{"line":241,"column":35},"end":{"line":241,"column":66}}],"line":241},"72":{"loc":{"start":{"line":244,"column":65},"end":{"line":244,"column":90}},"type":"binary-expr","locations":[{"start":{"line":244,"column":65},"end":{"line":244,"column":85}},{"start":{"line":244,"column":89},"end":{"line":244,"column":90}}],"line":244},"73":{"loc":{"start":{"line":255,"column":25},"end":{"line":255,"column":59}},"type":"binary-expr","locations":[{"start":{"line":255,"column":25},"end":{"line":255,"column":45}},{"start":{"line":255,"column":49},"end":{"line":255,"column":59}}],"line":255},"74":{"loc":{"start":{"line":259,"column":54},"end":{"line":259,"column":97}},"type":"binary-expr","locations":[{"start":{"line":259,"column":54},"end":{"line":259,"column":82}},{"start":{"line":259,"column":86},"end":{"line":259,"column":97}}],"line":259},"75":{"loc":{"start":{"line":260,"column":8},"end":{"line":275,"column":9}},"type":"if","locations":[{"start":{"line":260,"column":8},"end":{"line":275,"column":9}},{"start":{},"end":{}}],"line":260},"76":{"loc":{"start":{"line":262,"column":12},"end":{"line":274,"column":13}},"type":"if","locations":[{"start":{"line":262,"column":12},"end":{"line":274,"column":13}},{"start":{},"end":{}}],"line":262},"77":{"loc":{"start":{"line":264,"column":16},"end":{"line":266,"column":17}},"type":"if","locations":[{"start":{"line":264,"column":16},"end":{"line":266,"column":17}},{"start":{},"end":{}}],"line":264},"78":{"loc":{"start":{"line":264,"column":20},"end":{"line":264,"column":57}},"type":"binary-expr","locations":[{"start":{"line":264,"column":20},"end":{"line":264,"column":28}},{"start":{"line":264,"column":32},"end":{"line":264,"column":57}}],"line":264},"79":{"loc":{"start":{"line":269,"column":16},"end":{"line":273,"column":17}},"type":"if","locations":[{"start":{"line":269,"column":16},"end":{"line":273,"column":17}},{"start":{"line":271,"column":23},"end":{"line":273,"column":17}}],"line":269},"80":{"loc":{"start":{"line":269,"column":20},"end":{"line":269,"column":66}},"type":"binary-expr","locations":[{"start":{"line":269,"column":20},"end":{"line":269,"column":41}},{"start":{"line":269,"column":45},"end":{"line":269,"column":66}}],"line":269},"81":{"loc":{"start":{"line":277,"column":8},"end":{"line":289,"column":9}},"type":"if","locations":[{"start":{"line":277,"column":8},"end":{"line":289,"column":9}},{"start":{},"end":{}}],"line":277},"82":{"loc":{"start":{"line":280,"column":12},"end":{"line":288,"column":13}},"type":"if","locations":[{"start":{"line":280,"column":12},"end":{"line":288,"column":13}},{"start":{},"end":{}}],"line":280},"83":{"loc":{"start":{"line":283,"column":65},"end":{"line":283,"column":90}},"type":"binary-expr","locations":[{"start":{"line":283,"column":65},"end":{"line":283,"column":85}},{"start":{"line":283,"column":89},"end":{"line":283,"column":90}}],"line":283},"84":{"loc":{"start":{"line":295,"column":4},"end":{"line":298,"column":5}},"type":"if","locations":[{"start":{"line":295,"column":4},"end":{"line":298,"column":5}},{"start":{},"end":{}}],"line":295}},"s":{"0":64,"1":64,"2":64,"3":64,"4":64,"5":64,"6":64,"7":64,"8":1,"9":2,"10":1,"11":13,"12":13,"13":2,"14":11,"15":11,"16":11,"17":11,"18":11,"19":11,"20":11,"21":11,"22":11,"23":11,"24":11,"25":11,"26":11,"27":10,"28":10,"29":10,"30":10,"31":10,"32":10,"33":9,"34":9,"35":9,"36":9,"37":9,"38":9,"39":11,"40":1,"41":1,"42":0,"43":0,"44":0,"45":0,"46":50,"47":50,"48":14,"49":14,"50":14,"51":12,"52":12,"53":12,"54":3,"55":5,"56":2,"57":3,"58":3,"59":3,"60":3,"61":3,"62":3,"63":9,"64":9,"65":1,"66":1,"67":1,"68":9,"69":8,"70":6,"71":2,"72":4,"73":4,"74":0,"75":4,"76":1,"77":3,"78":0,"79":3,"80":9,"81":8,"82":1,"83":1,"84":1,"85":1,"86":7,"87":7,"88":6,"89":6,"90":6,"91":6,"92":6,"93":6,"94":0,"95":10,"96":50,"97":9,"98":1,"99":8,"100":4,"101":4,"102":4,"103":5,"104":3,"105":2,"106":2,"107":0,"108":2,"109":4,"110":3,"111":3,"112":8,"113":2,"114":8,"115":2,"116":2,"117":2,"118":50,"119":23,"120":9,"121":14,"122":14,"123":6,"124":0,"125":6,"126":2,"127":4,"128":0,"129":4,"130":4,"131":4,"132":14,"133":14,"134":2,"135":2,"136":0,"137":2,"138":0,"139":2,"140":0,"141":2,"142":2,"143":2,"144":14,"145":4,"146":14,"147":1,"148":1,"149":1,"150":13,"151":1,"152":0,"153":1,"154":1,"155":1,"156":1,"157":12,"158":2,"159":0,"160":2,"161":2,"162":1,"163":1,"164":1,"165":2,"166":1,"167":1,"168":1,"169":1,"170":1,"171":2,"172":10,"173":2,"174":0,"175":10,"176":2,"177":10,"178":0,"179":0,"180":0,"181":0,"182":0,"183":0,"184":0,"185":0,"186":0,"187":0,"188":10,"189":2,"190":2,"191":2,"192":2,"193":2,"194":2,"195":2,"196":2,"197":48,"198":32,"199":32,"200":64,"201":3},"f":{"0":1,"1":2,"2":1,"3":13,"4":10,"5":1,"6":50,"7":14,"8":5,"9":6,"10":6,"11":6,"12":6,"13":0,"14":9,"15":5,"16":2,"17":23,"18":4,"19":0,"20":0,"21":1,"22":1,"23":1,"24":0,"25":2,"26":0,"27":2,"28":0,"29":0,"30":2,"31":2,"32":2,"33":0,"34":48,"35":3},"b":{"0":[4],"1":[2,11],"2":[13,12],"3":[11,0],"4":[9,1],"5":[10,1,1],"6":[0,9],"7":[9,0],"8":[0,1],"9":[12,2],"10":[14,13],"11":[3,9],"12":[12,10],"13":[2,3],"14":[5,4],"15":[3,3],"16":[3,0],"17":[1,8],"18":[9,1,1],"19":[1,0],"20":[8,1],"21":[2,4],"22":[6,5],"23":[0,4],"24":[1,3],"25":[4,2],"26":[0,3],"27":[3,1,1],"28":[8,1],"29":[1,7],"30":[6,1],"31":[6,1],"32":[1,5],"33":[6,0],"34":[6,1],"35":[1,8],"36":[4,4],"37":[8,4],"38":[4,1,0],"39":[3,2],"40":[5,4,3],"41":[0,2],"42":[2,0,0],"43":[3,1],"44":[3,1,0],"45":[2,1],"46":[2,6],"47":[8,3,2],"48":[9,14],"49":[23,22,21],"50":[0,6],"51":[6,6,6],"52":[2,4],"53":[0,4],"54":[4,0],"55":[2,12],"56":[0,2],"57":[2,2,2],"58":[0,2],"59":[2,2],"60":[0,2],"61":[2,0],"62":[4,1],"63":[1,13],"64":[1,12],"65":[13,12],"66":[1,0],"67":[1,1],"68":[2,10],"69":[1,1],"70":[1,1],"71":[2,1],"72":[1,0],"73":[2,2],"74":[2,0],"75":[0,10],"76":[0,0],"77":[0,0],"78":[0,0],"79":[0,0],"80":[0,0],"81":[2,8],"82":[2,0],"83":[2,0],"84":[32,16]},"_coverageSchema":"1a1c01bbd47fc00a2c39e90264f33305004495a9","hash":"c887bc2dbfd664a3fadce1a65ceda7df91d1c38c"}
,"/Users/mettamazza/Desktop/Ernos 3.0/src/gaming/mineflayer/persistence.js": {"path":"/Users/mettamazza/Desktop/Ernos 3.0/src/gaming/mineflayer/persistence.js","statementMap":{"0":{"start":{"line":5,"column":11},"end":{"line":5,"column":24}},"1":{"start":{"line":6,"column":13},"end":{"line":6,"column":28}},"2":{"start":{"line":8,"column":19},"end":{"line":8,"column":57}},"3":{"start":{"line":9,"column":23},"end":{"line":9,"column":61}},"4":{"start":{"line":10,"column":24},"end":{"line":10,"column":57}},"5":{"start":{"line":13,"column":21},"end":{"line":13,"column":23}},"6":{"start":{"line":14,"column":21},"end":{"line":14,"column":23}},"7":{"start":{"line":15,"column":17},"end":{"line":15,"column":19}},"8":{"start":{"line":19,"column":4},"end":{"line":25,"column":5}},"9":{"start":{"line":20,"column":20},"end":{"line":20,"column":42}},"10":{"start":{"line":21,"column":8},"end":{"line":21,"column":72}},"11":{"start":{"line":21,"column":33},"end":{"line":21,"column":72}},"12":{"start":{"line":22,"column":8},"end":{"line":22,"column":66}},"13":{"start":{"line":24,"column":8},"end":{"line":24,"column":74}},"14":{"start":{"line":29,"column":4},"end":{"line":35,"column":5}},"15":{"start":{"line":30,"column":8},"end":{"line":32,"column":9}},"16":{"start":{"line":31,"column":12},"end":{"line":31,"column":65}},"17":{"start":{"line":34,"column":8},"end":{"line":34,"column":73}},"18":{"start":{"line":36,"column":4},"end":{"line":36,"column":20}},"19":{"start":{"line":41,"column":4},"end":{"line":41,"column":46}},"20":{"start":{"line":42,"column":4},"end":{"line":42,"column":76}},"21":{"start":{"line":46,"column":4},"end":{"line":46,"column":42}},"22":{"start":{"line":47,"column":4},"end":{"line":47,"column":75}},"23":{"start":{"line":50,"column":31},"end":{"line":50,"column":53}},"24":{"start":{"line":51,"column":36},"end":{"line":51,"column":59}},"25":{"start":{"line":54,"column":4},"end":{"line":61,"column":5}},"26":{"start":{"line":55,"column":21},"end":{"line":59,"column":9}},"27":{"start":{"line":60,"column":8},"end":{"line":60,"column":45}},"28":{"start":{"line":60,"column":33},"end":{"line":60,"column":45}},"29":{"start":{"line":62,"column":4},"end":{"line":62,"column":16}},"30":{"start":{"line":67,"column":4},"end":{"line":67,"column":50}},"31":{"start":{"line":68,"column":4},"end":{"line":68,"column":89}},"32":{"start":{"line":72,"column":4},"end":{"line":72,"column":46}},"33":{"start":{"line":75,"column":31},"end":{"line":75,"column":53}},"34":{"start":{"line":76,"column":35},"end":{"line":76,"column":57}},"35":{"start":{"line":80,"column":4},"end":{"line":80,"column":47}},"36":{"start":{"line":81,"column":4},"end":{"line":81,"column":80}},"37":{"start":{"line":85,"column":4},"end":{"line":85,"column":43}},"38":{"start":{"line":88,"column":27},"end":{"line":88,"column":45}},"39":{"start":{"line":89,"column":29},"end":{"line":89,"column":45}},"40":{"start":{"line":92,"column":0},"end":{"line":92,"column":21}},"41":{"start":{"line":93,"column":0},"end":{"line":93,"column":21}},"42":{"start":{"line":94,"column":0},"end":{"line":94,"column":17}},"43":{"start":{"line":96,"column":0},"end":{"line":101,"column":2}}},"fnMap":{"0":{"name":"writeJson","decl":{"start":{"line":18,"column":9},"end":{"line":18,"column":18}},"loc":{"start":{"line":18,"column":35},"end":{"line":26,"column":1}},"line":18},"1":{"name":"readJson","decl":{"start":{"line":28,"column":9},"end":{"line":28,"column":17}},"loc":{"start":{"line":28,"column":38},"end":{"line":37,"column":1}},"line":28},"2":{"name":"loadProtectedZones","decl":{"start":{"line":40,"column":9},"end":{"line":40,"column":27}},"loc":{"start":{"line":40,"column":30},"end":{"line":43,"column":1}},"line":40},"3":{"name":"saveProtectedZones","decl":{"start":{"line":45,"column":9},"end":{"line":45,"column":27}},"loc":{"start":{"line":45,"column":30},"end":{"line":48,"column":1}},"line":45},"4":{"name":"getProtectedZones","decl":{"start":{"line":50,"column":9},"end":{"line":50,"column":26}},"loc":{"start":{"line":50,"column":29},"end":{"line":50,"column":55}},"line":50},"5":{"name":"setProtectedZones","decl":{"start":{"line":51,"column":9},"end":{"line":51,"column":26}},"loc":{"start":{"line":51,"column":34},"end":{"line":51,"column":61}},"line":51},"6":{"name":"isBlockProtected","decl":{"start":{"line":53,"column":9},"end":{"line":53,"column":25}},"loc":{"start":{"line":53,"column":36},"end":{"line":63,"column":1}},"line":53},"7":{"name":"loadSavedLocations","decl":{"start":{"line":66,"column":9},"end":{"line":66,"column":27}},"loc":{"start":{"line":66,"column":30},"end":{"line":69,"column":1}},"line":66},"8":{"name":"saveSavedLocations","decl":{"start":{"line":71,"column":9},"end":{"line":71,"column":27}},"loc":{"start":{"line":71,"column":30},"end":{"line":73,"column":1}},"line":71},"9":{"name":"getSavedLocations","decl":{"start":{"line":75,"column":9},"end":{"line":75,"column":26}},"loc":{"start":{"line":75,"column":29},"end":{"line":75,"column":55}},"line":75},"10":{"name":"setSavedLocations","decl":{"start":{"line":76,"column":9},"end":{"line":76,"column":26}},"loc":{"start":{"line":76,"column":33},"end":{"line":76,"column":59}},"line":76},"11":{"name":"loadBlueprints","decl":{"start":{"line":79,"column":9},"end":{"line":79,"column":23}},"loc":{"start":{"line":79,"column":26},"end":{"line":82,"column":1}},"line":79},"12":{"name":"saveBlueprints","decl":{"start":{"line":84,"column":9},"end":{"line":84,"column":23}},"loc":{"start":{"line":84,"column":26},"end":{"line":86,"column":1}},"line":84},"13":{"name":"getBlueprints","decl":{"start":{"line":88,"column":9},"end":{"line":88,"column":22}},"loc":{"start":{"line":88,"column":25},"end":{"line":88,"column":47}},"line":88},"14":{"name":"setBlueprints","decl":{"start":{"line":89,"column":9},"end":{"line":89,"column":22}},"loc":{"start":{"line":89,"column":27},"end":{"line":89,"column":47}},"line":89}},"branchMap":{"0":{"loc":{"start":{"line":21,"colum
[...]
sktop/Ernos 3.0/src/gaming/mineflayer/commands/social.js": {"path":"/Users/mettamazza/Desktop/Ernos 3.0/src/gaming/mineflayer/commands/social.js","statementMap":{"0":{"start":{"line":5,"column":77},"end":{"line":5,"column":97}},"1":{"start":{"line":6,"column":15},"end":{"line":6,"column":35}},"2":{"start":{"line":9,"column":4},"end":{"line":9,"column":34}},"3":{"start":{"line":10,"column":4},"end":{"line":10,"column":36}},"4":{"start":{"line":14,"column":16},"end":{"line":14,"column":24}},"5":{"start":{"line":15,"column":22},"end":{"line":15,"column":88}},"6":{"start":{"line":15,"column":54},"end":{"line":15,"column":86}},"7":{"start":{"line":16,"column":4},"end":{"line":25,"column":6}},"8":{"start":{"line":30,"column":16},"end":{"line":30,"column":24}},"9":{"start":{"line":31,"column":26},"end":{"line":33,"column":81}},"10":{"start":{"line":36,"column":22},"end":{"line":36,"column":88}},"11":{"start":{"line":36,"column":54},"end":{"line":36,"column":86}},"12":{"start":{"line":39,"column":21},"end":{"line":39,"column":23}},"13":{"start":{"line":40,"column":25},"end":{"line":40,"column":30}},"14":{"start":{"line":41,"column":4},"end":{"line":53,"column":5}},"15":{"start":{"line":42,"column":8},"end":{"line":42,"column":55}},"16":{"start":{"line":42,"column":46},"end":{"line":42,"column":55}},"17":{"start":{"line":43,"column":21},"end":{"line":43,"column":68}},"18":{"start":{"line":44,"column":8},"end":{"line":44,"column":32}},"19":{"start":{"line":44,"column":23},"end":{"line":44,"column":32}},"20":{"start":{"line":45,"column":26},"end":{"line":45,"column":61}},"21":{"start":{"line":46,"column":8},"end":{"line":46,"column":58}},"22":{"start":{"line":46,"column":36},"end":{"line":46,"column":58}},"23":{"start":{"line":47,"column":8},"end":{"line":52,"column":11}},"24":{"start":{"line":55,"column":4},"end":{"line":68,"column":6}},"25":{"start":{"line":72,"column":4},"end":{"line":72,"column":31}},"26":{"start":{"line":73,"column":4},"end":{"line":73,"column":20}},"27":{"start":{"line":74,"column":4},"end":{"line":74,"column":34}},"28":{"start":{"line":78,"column":4},"end":{"line":82,"column":5}},"29":{"start":{"line":81,"column":8},"end":{"line":81,"column":85}},"30":{"start":{"line":83,"column":19},"end":{"line":83,"column":51}},"31":{"start":{"line":84,"column":4},"end":{"line":86,"column":5}},"32":{"start":{"line":85,"column":8},"end":{"line":85,"column":70}},"33":{"start":{"line":87,"column":4},"end":{"line":87,"column":18}},"34":{"start":{"line":91,"column":16},"end":{"line":91,"column":24}},"35":{"start":{"line":92,"column":4},"end":{"line":105,"column":5}},"36":{"start":{"line":93,"column":27},"end":{"line":95,"column":9}},"37":{"start":{"line":94,"column":12},"end":{"line":94,"column":68}},"38":{"start":{"line":96,"column":8},"end":{"line":96,"column":95}},"39":{"start":{"line":96,"column":25},"end":{"line":96,"column":95}},"40":{"start":{"line":98,"column":26},"end":{"line":98,"column":106}},"41":{"start":{"line":99,"column":8},"end":{"line":99,"column":57}},"42":{"start":{"line":101,"column":8},"end":{"line":101,"column":83}},"43":{"start":{"line":102,"column":8},"end":{"line":102,"column":93}},"44":{"start":{"line":104,"column":8},"end":{"line":104,"column":54}},"45":{"start":{"line":109,"column":16},"end":{"line":109,"column":24}},"46":{"start":{"line":110,"column":19},"end":{"line":110,"column":30}},"47":{"start":{"line":111,"column":4},"end":{"line":111,"column":74}},"48":{"start":{"line":111,"column":17},"end":{"line":111,"column":74}},"49":{"start":{"line":113,"column":4},"end":{"line":135,"column":5}},"50":{"start":{"line":114,"column":29},"end":{"line":114,"column":48}},"51":{"start":{"line":115,"column":8},"end":{"line":115,"column":121}},"52":{"start":{"line":115,"column":51},"end":{"line":115,"column":121}},"53":{"start":{"line":117,"column":27},"end":{"line":119,"column":9}},"54":{"start":{"line":118,"column":12},"end":{"line":118,"column":68}},"55":{"start":{"line":120,"column":8},"end":{"line":120,"column":95}},"56":{"start":{"line":120,"column":25},"end":{"line":120,"column":95}},"57":{"start":{"line":122,"column":26},"end":{"line":122,"column":52}},"58":{"start":{"line":123,"column":8},"end":{"line":123,"column":47}},"59":{"start":{"line":124,"column":8},"end":{"line":126,"column":11}},"60":{"start":{"line":128,"column":26},"end":{"line":128,"column":106}},"61":{"start":{"line":129,"column":8},"end":{"line":129,"column":57}},"62":{"start":{"line":131,"column":8},"end":{"line":131,"column":88}},"63":{"start":{"line":132,"column":8},"end":{"line":132,"column":98}},"64":{"start":{"line":134,"column":8},"end":{"line":134,"column":54}},"65":{"start":{"line":139,"column":16},"end":{"line":139,"column":24}},"66":{"start":{"line":140,"column":4},"end":{"line":154,"column":5}},"67":{"start":{"line":141,"column":27},"end":{"line":143,"column":9}},"68":{"start":{"line":142,"column":12},"end":{"line":142,"column":68}},"69":{"start":{"line":144,"column":8},"end":{"line":144,"column":95}},"70":{"start":{"line":144,"column":25},"end":{"line":144,"column":95}},"71":{"start":{"line":146,"column":27},"end":{"line":146,"column":59}},"72":{"start":{"line":147,"column":8},"end":{"line":147,"column":107}},"73":{"start":{"line":147,"column":28},"end":{"line":147,"column":107}},"74":{"start":{"line":149,"column":8},"end":{"line":149,"column":58}},"75":{"start":{"line":150,"column":8},"end":{"line":150,"column":83}},"76":{"start":{"line":151,"column":8},"end":{"line":151,"column":130}},"77":{"start":{"line":153,"column":8},"end":{"line":153,"column":54}},"78":{"start":{"line":158,"column":16},"end":{"line":158,"column":24}},"79":{"start":{"line":159,"column":19},"end":{"line":159,"column":30}},"80":{"start":{"line":160,"column":4},"end":{"line":187,"column":5}},"81":{"start":{"line":161,"column":31},"end":{"line":165,"column":9}},"82":{"start":{"line":167,"column":22},"end":{"line":167,"column":24}},"83":{"start":{"line":168,"column":8},"end":{"line":181,"column":9}},"84":{"start":{"line":169,"column":30},"end":{"line":169,"column":60}},"85":{"start":{"line":170,"column":12},"end":{"line":170,"column":37}},"86":{"start":{"line":170,"column":28},"end":{"line":170,"column":37}},"87":{"start":{"line":172,"column":27},"end":{"line":172,"column":101}},"88":{"start":{"line":173,"column":12},"end":{"line":180,"column":13}},"89":{"start":{"line":174,"column":32},"end":{"line":174,"column":41}},"90":{"start":{"line":175,"column":16},"end":{"line":179,"column":18}},"91":{"start":{"line":183,"column":8},"end":{"line":183,"column":108}},"92":{"start":{"line":184,"column":8},"end":{"line":184,"column":78}},"93":{"start":{"line":186,"column":8},"end":{"line":186,"column":54}},"94":{"start":{"line":191,"column":16},"end":{"line":191,"column":24}},"95":{"start":{"line":192,"column":19},"end":{"line":192,"column":30}},"96":{"start":{"line":194,"column":4},"end":{"line":194,"column":108}},"97":{"start":{"line":194,"column":26},"end":{"line":194,"column":55}},"98":{"start":{"line":194,"column":56},"end":{"line":194,"column":106}},"99":{"start":{"line":195,"column":4},"end":{"line":195,"column":88}},"100":{"start":{"line":195,"column":17},"end":{"line":195,"column":88}},"101":{"start":{"line":197,"column":25},"end":{"line":197,"column":44}},"102":{"start":{"line":198,"column":4},"end":{"line":198,"column":110}},"103":{"start":{"line":198,"column":47},"end":{"line":198,"column":110}},"104":{"start":{"line":200,"column":22},"end":{"line":200,"column":48}},"105":{"start":{"line":201,"column":4},"end":{"line":201,"column":43}},"106":{"start":{"line":202,"column":4},"end":{"line":202,"column":73}},"107":{"start":{"line":204,"column":4},"end":{"line":204,"column":70}},"108":{"start":{"line":205,"column":4},"end":{"line":205,"column":92}},"109":{"start":{"line":208,"column":0},"end":{"line":211,"column":2}}},"fnMap":{"0":{"name":"cmdChat","decl":{"start":{"line":8,"column":15},"end":{"line":8,"column":22}},"loc":{"start":{"line":8,"column":31},"end":{"line":11,"column":1}},"line":8},"1":{"name":"cmdStatus","decl":{"start":{"line":13,"column":15},"end":{"line":13,"column":24}},"loc":{"start":{"line":13,"column":27},"end":{"line":26,"column":1}},"line":13},"2":{"name":"(anonymous_2)","decl":{"start":{"line":15,"column":48},"end":{"line":15,"column":49}},"loc":{"start":{"line":15,"column":54},"end":{"line":15,"column":86}},"line":15},"3":{"name":"cmdFullState","decl":{"start":{"line":29,"column":15},"end":{"line":29,"column":27}},"loc":{"start":{"line":29,"column":30},"end":{"line":69,"column":1}},"line":29},"4":{"name":"(anonymous_4)","decl":{"start":{"line":36,"column":48},"end":{"line":36,"column":49}},"loc":{"start":{"line":36,"column":54},"end":{"line":36,"column":86}},"line":36},"5":{"name":"cmdDisconnect","decl":{"start":{"line":71,"column":15},"end":{"line":71,"column":28}},"loc":{"start":{"line":71,"column":31},"end":{"line":75,"column":1}},"line":71},"6":{"name":"cmdGetScreenshot","decl":{"start":{"line":77,"column":15},"end":{"line":77,"column":31}},"loc":{"start":{"line":77,"column":34},"end":{"line":88,"column":1}},"line":77},"7":{"name":"cmdDrop","decl":{"start":{"line":90,"column":15},"end":{"line":90,"column":22}},"loc":{"start":{"line":90,"column":44},"end":{"line":106,"column":1}},"line":90},"8":{"name":"(anonymous_8)","decl":{"start":{"line":93,"column":54},"end":{"line":93,"column":55}},"loc":{"start":{"line":94,"column":12},"end":{"line":94,"column":68}},"line":94},"9":{"name":"cmdGive","decl":{"start":{"line":108,"column":15},"end":{"line":108,"column":22}},"loc":{"start":{"line":108,"column":52},"end":{"line":136,"column":1}},"line":108},"10":{"name":"(anonymous_10)","decl":{"start":{"line":117,"column":54},"end":{"line":117,"column":55}},"loc":{"start":{"line":118,"column":12},"end":{"line":118,"column":68}},"line":118},"11":{"name":"cmdShare","decl":{"start":{"line":138,"column":15},"end":{"line":138,"column":23}},"loc":{"start":{"line":138,"column":34},"end":{"line":155,"column":1}},"line":138},"12":{"name":"(anonymous_12)","decl":{"start":{"line":141,"column":54},"end":{"line":141,"column":55}},"loc":{"start":{"line":142,"column":12},"end":{"line":142,"column":68}},"line":142},"13":{"name":"cmdScan","decl":{"start":{"line":157,"column":15},"end":{"line":157,"column":22}},"loc":{"start":{"line":157,"column":41},"end":{"line":188,"column":1}},"line":157},"14":{"name":"cmdCoopMode","decl":{"start":{"line":190,"column":15},"end":{"line":190,"column":26}},"loc":{"start":{"line":190,"column":52},"end":{"line":206,"column":1}},"line":190}},"branchMap":{"0":{"loc":{"start":{"line":42,"column":8},"end":{"line":42,"column":55}},"type":"if","locations":[{"start":{"line":42,"column":8},"end":{"line":42,"column":55}},{"start":{},"end":{}}],"line":42},"1":{"loc":{"start":{"line":42,"column":12},"end":{"line":42,"column":44}},"type":"binary-expr","locations":[{"start":{"line":42,"column":12},"end":{"line":42,"column":19}},{"start":{"line":42,"column":23},"end":{"line":42,"column":44}}],"line":42},"2":{"loc":{"start":{"line":44,"column":8},"end":{"line":44,"column":32}},"type":"if","locations":[{"start":{"line":44,"column":8},"end":{"line":44,"column":32}},{"start":{},"end":{}}],"line":44},"3":{"loc":{"start":{"line":46,"column":8},"end":{"line":46,"column":58}},"type":"if","locations":[{"start":{"line":46,"column":8},"end":{"line":46,"column":58}},{"start":{},"end":{}}],"line":46},"4":{"loc":{"start":{"line":46,"column":12},"end":{"line":46,"column":34}},"type":"binary-expr","locations":[{"start":{"line":46,"column":12},"end":{"line":46,"column":21}},{"start":{"line":46,"column":25},"end":{"line":46,"column":34}}],"line":46},"5":{"loc":{"start":{"line":48,"column":18},"end":{"line":48,"column":61}},"type":"binary-expr","locations":[{"start":{"line":48,"column":18},"end":{"line":48,"column":29}},{"start":{"line":48,"column":33},"end":{"line":48,"column":48}},{"start":{"line":48,"column":52},"end":{"line":48,"column":61}}],"line":48},"6":{"loc":{"start":{"line":66,"column":16},"end":{"line":66,"column":60}},"type":"binary-expr","locations":[{"start":{"line":66,"column":16},"end":{"line":66,"column":36}},{"start":{"line":66,"column":40},"end":{"line":66,"column":60}}],"line":66},"7":{"loc":{"start":{"line":78,"column":4},"end":{"line":82,"column":5}},"type":"if","locations":[{"start":{"line":78,"column":4},"end":{"line":82,"column":5}},{"start":{},"end":{}}],"line":78},"8":{"loc":{"start":{"line":84,"column":4},"end":{"line":86,"column":5}},"type":"if","locations":[{"start":{"line":84,"column":4},"end":{"line":86,"column":5}},{"start":{},"end":{}}],"line":84},"9":{"loc":{"start":{"line":84,"column":8},"end":{"line":84,"column":34}},"type":"binary-expr","locations":[{"start":{"line":84,"column":8},"end":{"line":84,"column":15}},{"start":{"line":84,"column":19},"end":{"line":84,"column":34}}],"line":84},"10":{"loc":{"start":{"line":85,"column":24},"end":{"line":85,"column":68}},"type":"binary-expr","locations":[{"start":{"line":85,"column":24},"end":{"line":85,"column":37}},{"start":{"line":85,"column":41},"end":{"line":85,"column":68}}],"line":85},"11":{"loc":{"start":{"line":90,"column":31},"end":{"line":90,"column":40}},"type":"default-arg","locations":[{"start":{"line":90,"column":39},"end":{"line":90,"column":40}}],"line":90},"12":{"loc":{"start":{"line":94,"column":42},"end":{"line":94,"column":67}},"type":"binary-expr","locations":[{"start":{"line":94,"column":42},"end":{"line":94,"column":61}},{"start":{"line":94,"column":65},"end":{"line":94,"column":67}}],"line":94},"13":{"loc":{"start":{"line":96,"column":8},"end":{"line":96,"column":95}},"type":"if","locations":[{"start":{"line":96,"column":8},"end":{"line":96,"column":95}},{"start":{},"end":{}}],"line":96},"14":{"loc":{"start":{"line":96,"column":63},"end":{"line":96,"column":77}},"type":"binary-expr","locations":[{"start":{"line":96,"column":63},"end":{"line":96,"column":67}},{"start":{"line":96,"column":71},"end":{"line":96,"column":77}}],"line":96},"15":{"loc":{"start":{"line":98,"column":26},"end":{"line":98,"column":106}},"type":"cond-expr","locations":[{"start":{"line":98,"column":44},"end":{"line":98,"column":60}},{"start":{"line":98,"column":63},"end":{"line":98,"column":106}}],"line":98},"16":{"loc":{"start":{"line":108,"column":39},"end":{"line":108,"column":48}},"type":"default-arg","locations":[{"start":{"line":108,"column":47},"end":{"line":108,"column":48}}],"line":108},"17":{"loc":{"start":{"line":111,"column":4},"end":{"line":111,"column":74}},"type":"if","locations":[{"start":{"line":111,"column":4},"end":{"line":111,"column":74}},{"start":{},"end":{}}],"line":111},"18":{"loc":{"start":{"line":115,"column":8},"end":{"line":115,"column":121}},"type":"if","locations":[{"start":{"line":115,"column":8},"end":{"line":115,"column":121}},{"start":{},"end":{}}],"line":115},"19":{"loc":{"start":{"line":115,"column":12},"end":{"line":115,"column":49}},"type":"binary-expr","locations":[{"start":{"line":115,"column":12},"end":{"line":115,"column":25}},{"start":{"line":115,"column":29},"end":{"line":115,"column":49}}],"line":115},"20":{"loc":{"start":{"line":118,"column":42},"end":{"line":118,"column":67}},"type":"binary-expr","locations":[{"start":{"line":118,"column":42},"end":{"line":118,"column":61}},{"start":{"line":118,"column":65},"end":{"line":118,"column":67}}],"line":118},"21":{"loc":{"start":{"line":120,"column":8},"end":{"line":120,"column":95}},"type":"if","locations":[{"start":{"line":120,"column":8},"end":{"line":120,"column":95}},{"start":{},"end":{}}],"line":120},"22":{"loc":{"start":{"line":120,"column":63},"end":{"line":120,"column":77}},"type":"binary-expr","locations":[{"start":{"line":120,"column":63},"end":{"line":120,"column":67}},{"start":{"line":120,"column":71},"end":{"line":120,"column":77}}],"line":120},"23":{"loc":{"start":{"line":128,"column":26},"end":{"line":128,"column":106}},"type":"cond-expr","locations":[{"start":{"line":128,"column":44},"end":{"line":128,"column":60}},{"start":{"line":128,"column":63},"end":{"line":128,"column":106}}],"line":128},"24":{"loc":{"start":{"line":142,"column":42},"end":{"line":142,"column":67}},"type":"binary-expr","locations":[{"start":{"line":142,"column":42},"end":{"line":142,"column":61}},{"start":{"line":142,"column":65},"end":{"line":142,"column":67}}],"line":142},"25":{"loc":{"start":{"line":144,"column":8},"end":{"line":144,"column":95}},"type":"if","locations":[{"start":{"line":144,"column":8},"end":{"line":144,"column":95}},{"start":{},"end":{}}],"line":144},"26":{"loc":{"start":{"line":144,"column":63},"end":{"line":144,"column":77}},"type":"binary-expr","locations":[{"start":{"line":144,"column":63},"end":{"line":144,"column":67}},{"start":{"line":144,"column":71},"end":{"line":144,"column":77}}],"line":144},"27":{"loc":{"start":{"line":147,"column":8},"end":{"line":147,"column":107}},"type":"if","locations":[{"start":{"line":147,"column":8},"end":{"line":147,"column":107}},{"start":{},"end":{}}],"line":147},"28":{"loc":{"start":{"line":157,"column":25},"end":{"line":157,"column":37}},"type":"default-arg","locations":[{"start":{"line":157,"column":34},"end":{"line":157,"column":37}}],"line":157},"29":{"loc":{"start":{"line":170,"column":12},"end":{"line":170,"column":37}},"type":"if","locations":[{"start":{"line":170,"column":12},"end":{"line":170,"column":37}},{"start":{},"end":{}}],"line":170},"30":{"loc":{"start":{"line":173,"column":12},"end":{"line":180,"column":13}},"type":"if","locations":[{"start":{"line":173,"column":12},"end":{"line":180,"column":13}},{"start":{},"end":{}}],"line":173},"31":{"loc":{"start":{"line":190,"column":37},"end":{"line":190,"column":48}},"type":"default-arg","locations":[{"start":{"line":190,"column":44},"end":{"line":190,"column":48}}],"line":190},"32":{"loc":{"start":{"line":194,"column":4},"end":{"line":194,"column":108}},"type":"if","locations":[{"start":{"line":194,"column":4},"end":{"line":194,"column":108}},{"start":{},"end":{}}],"line":194},"33":{"loc":{"start":{"line":195,"column":4},"end":{"line":195,"column":88}},"type":"if","locations":[{"start":{"line":195,"column":4},"end":{"line":195,"column":88}},{"start":{},"end":{}}],"line":195},"34":{"loc":{"start":{"line":198,"column":4},"end":{"line":198,"column":110}},"type":"if","locations":[{"start":{"line":198,"column":4},"end":{"line":198,"column":110}},{"start":{},"end":{}}],"line":198},"35":{"loc":{"start":{"line":198,"column":8},"end":{"line":198,"column":45}},"type":"binary-expr","locations":[{"start":{"line":198,"column":8},"end":{"line":198,"column":21}},{"start":{"line":198,"column":25},"end":{"line":198,"column":45}}],"line":198}},"s":{"0":19,"1":19,"2":1,"3":1,"4":3,"5":3,"6":26,"7":3,"8":0,"9":0,"10":0,"11":0,"12":0,"13":0,"14":0,"15":0,"16":0,"17":0,"18":0,"19":0,"20":0,"21":0,"22":0,"23":0,"24":0,"25":1,"26":1,"27":1,"28":2,"29":1,"30":1,"31":1,"32":0,"33":1,"34":4,"35":4,"36":4,"37":3,"38":4,"39":1,"40":3,"41":3,"42":2,"43":2,"44":1,"45":5,"46":5,"47":5,"48":1,"49":4,"50":4,"51":4,"52":1,"53":3,"54":2,"55":3,"56":1,"57":2,"58":2,"59":2,"60":1,"61":1,"62":1,"63":1,"64":1,"65":4,"66":4,"67":4,"68":3,"69":4,"70":1,"71":3,"72":3,"73":1,"74":2,"75":1,"76":1,"77":1,"78":4,"79":4,"80":4,"81":4,"82":4,"83":4,"84":37,"85":37,"86":0,"87":37,"88":36,"89":1,"90":1,"91":3,"92":3,"93":1,"94":4,"95":4,"96":4,"97":1,"98":1,"99":3,"100":1,"101":2,"102":2,"103":1,"104":1,"105":1,"106":1,"107":1,"108":1,"109":19},"f":{"0":1,"1":3,"2":26,"3":0,"4":0,"5":1,"6":2,"7":4,"8":3,"9":5,"10":2,"11":4,"12":3,"13":4,"14":4},"b":{"0":[0,0],"1":[0,0],"2":[0,0],"3":[0,0],"4":[0,0],"5":[0,0,0],"6":[0,0],"7":[1,1],"8":[0,1],"9":[1,1],"10":[0,0],"11":[2],"12":[3,0],"13":[1,3],"14":[1,0],"15":[1,2],"16":[4],"17":[1,4],"18":[1,3],"19":[4,3],"20":[2,0],"21":[1,2],"22":[1,0],"23":[0,1],"24":[3,0],"25":[1,3],"26":[1,0],"27":[1,2],"28":[1],"29":[0,37],"30":[1,35],"31":[0],"32":[1,3],"33":[1,2],"34":[1,1],"35":[2,1]},"_coverageSchema":"1a1c01bbd47fc00a2c39e90264f33305004495a9","hash":"3ab6646e63f86c6951560be6f232f73729d5de65"}
}
