TN:
SF:autonomy.js
FN:34,findBestFood
FN:37,(anonymous_1)
FN:41,(anonymous_2)
FN:52,tryAutoEat
FN:78,setupAutonomy
FN:80,(anonymous_5)
FN:83,(anonymous_6)
FN:88,(anonymous_7)
FN:91,(anonymous_8)
FN:96,(anonymous_9)
FN:104,(anonymous_10)
FN:111,(anonymous_11)
FN:155,(anonymous_12)
FN:174,stopAutonomy
FNF:14
FNH:11
FNDA:6,findBestFood
FNDA:126,(anonymous_1)
FNDA:3,(anonymous_2)
FNDA:2,tryAutoEat
FNDA:9,setupAutonomy
FNDA:2,(anonymous_5)
FNDA:0,(anonymous_6)
FNDA:1,(anonymous_7)
FNDA:0,(anonymous_8)
FNDA:2,(anonymous_9)
FNDA:2,(anonymous_10)
FNDA:1,(anonymous_11)
FNDA:0,(anonymous_12)
FNDA:14,stopAutonomy
DA:12,1
DA:15,1
DA:16,1
DA:19,1
DA:35,6
DA:36,6
DA:37,126
DA:38,82
DA:41,2
DA:42,3
DA:51,1
DA:53,2
DA:54,2
DA:55,2
DA:56,2
DA:58,2
DA:59,2
DA:61,2
DA:62,2
DA:63,2
DA:64,2
DA:65,2
DA:66,2
DA:68,0
DA:70,2
DA:80,9
DA:82,2
DA:83,1
DA:88,9
DA:89,1
DA:90,1
DA:91,1
DA:96,9
DA:97,2
DA:98,2
DA:104,9
DA:105,2
DA:108,1
DA:111,1
DA:112,1
DA:113,1
DA:114,1
DA:116,1
DA:117,1
DA:120,1
DA:121,1
DA:122,1
DA:123,1
DA:126,1
DA:127,1
DA:130,1
DA:133,1
DA:135,0
DA:136,0
DA:137,0
DA:138,0
DA:139,0
DA:140,0
DA:145,1
DA:146,1
DA:148,1
DA:155,1
DA:156,0
DA:157,0
DA:161,1
DA:163,0
DA:168,9
DA:175,14
DA:176,9
DA:177,9
DA:179,14
DA:180,14
DA:183,1
LF:73
LH:63
BRDA:38,0,0,4
BRDA:38,0,1,78
BRDA:41,1,0,2
BRDA:41,1,1,1
BRDA:42,2,0,3
BRDA:42,2,1,2
BRDA:42,2,2,2
BRDA:42,2,3,2
BRDA:54,3,0,0
BRDA:54,3,1,2
BRDA:54,4,0,2
BRDA:54,4,1,2
BRDA:54,4,2,2
BRDA:55,5,0,0
BRDA:55,5,1,2
BRDA:56,6,0,0
BRDA:56,6,1,2
BRDA:59,7,0,0
BRDA:59,7,1,2
BRDA:82,8,0,1
BRDA:82,8,1,1
BRDA:82,9,0,2
BRDA:82,9,1,1
BRDA:89,10,0,0
BRDA:89,10,1,1
BRDA:89,11,0,1
BRDA:89,11,1,1
BRDA:90,12,0,1
BRDA:90,12,1,0
BRDA:97,13,0,2
BRDA:97,13,1,0
BRDA:105,14,0,1
BRDA:105,14,1,1
BRDA:114,15,0,0
BRDA:114,15,1,1
BRDA:114,16,0,1
BRDA:114,16,1,1
BRDA:120,17,0,1
BRDA:120,17,1,0
BRDA:123,18,0,1
BRDA:123,18,1,1
BRDA:133,19,0,0
BRDA:133,19,1,1
BRDA:133,20,0,1
BRDA:133,20,1,1
BRDA:175,21,0,9
BRDA:175,21,1,5
BRF:47
BRH:37
end_of_record
TN:
SF:bot.js
FN:40,(anonymous_0)
FN:44,(anonymous_1)
FN:48,(anonymous_2)
FN:49,(anonymous_3)
FN:50,(anonymous_4)
FN:61,initBot
FN:76,(anonymous_6)
FN:95,(anonymous_7)
FN:108,(anonymous_8)
FN:121,(anonymous_9)
FN:126,(anonymous_10)
FN:132,(anonymous_11)
FN:150,(anonymous_12)
FN:155,(anonymous_13)
FN:196,(anonymous_14)
FNF:15
FNH:14
FNDA:1,(anonymous_0)
FNDA:2,(anonymous_1)
FNDA:1,(anonymous_2)
FNDA:1,(anonymous_3)
FNDA:1,(anonymous_4)
FNDA:18,initBot
FNDA:2,(anonymous_6)
FNDA:2,(anonymous_7)
FNDA:0,(anonymous_8)
FNDA:1,(anonymous_9)
FNDA:1,(anonymous_10)
FNDA:3,(anonymous_11)
FNDA:1,(anonymous_12)
FNDA:1,(anonymous_13)
FNDA:3,(anonymous_14)
DA:8,18
DA:9,18
DA:10,18
DA:13,18
DA:14,18
DA:15,18
DA:16,18
DA:19,18
DA:20,18
DA:21,18
DA:22,18
DA:27,18
DA:31,18
DA:37,18
DA:40,18
DA:41,1
DA:42,1
DA:44,18
DA:45,2
DA:46,2
DA:48,18
DA:49,18
DA:50,18
DA:53,18
DA:62,18
DA:64,18
DA:67,18
DA:68,18
DA:69,18
DA:70,18
DA:71,18
DA:74,18
DA:76,18
DA:77,2
DA:78,2
DA:79,2
DA:80,2
DA:83,2
DA:85,2
DA:86,2
DA:88,2
DA:89,2
DA:95,2
DA:96,2
DA:101,18
DA:104,18
DA:107,18
DA:108,18
DA:109,0
DA:110,0
DA:111,0
DA:112,0
DA:113,0
DA:114,0
DA:115,0
DA:116,0
DA:117,0
DA:118,0
DA:121,18
DA:122,1
DA:123,1
DA:126,18
DA:127,1
DA:128,1
DA:132,18
DA:133,3
DA:134,3
DA:136,2
DA:137,2
DA:138,1
DA:139,1
DA:140,1
DA:143,2
DA:144,2
DA:146,1
DA:150,18
DA:151,1
DA:152,1
DA:155,18
DA:156,1
DA:161,18
DA:191,18
DA:194,18
DA:196,18
DA:197,3
DA:198,3
DA:200,2
DA:201,1
DA:202,1
DA:205,1
DA:206,1
DA:207,1
DA:209,0
DA:212,1
DA:217,18
LF:95
LH:84
BRDA:46,0,0,1
BRDA:46,0,1,1
BRDA:46,1,0,2
BRDA:46,1,1,2
BRDA:54,2,0,18
BRDA:54,2,1,18
BRDA:55,3,0,18
BRDA:55,3,1,18
BRDA:56,4,0,18
BRDA:56,4,1,18
BRDA:57,5,0,18
BRDA:57,5,1,18
BRDA:96,6,0,2
BRDA:96,6,1,0
BRDA:109,7,0,0
BRDA:109,7,1,0
BRDA:109,8,0,0
BRDA:109,8,1,0
BRDA:116,9,0,0
BRDA:116,9,1,0
BRDA:116,10,0,0
BRDA:116,10,1,0
BRDA:134,11,0,2
BRDA:134,11,1,1
BRDA:137,12,0,1
BRDA:137,12,1,1
BRDA:137,13,0,2
BRDA:137,13,1,1
BRDA:137,13,2,0
BRDA:198,14,0,0
BRDA:200,15,0,1
BRDA:200,15,1,1
BRF:32
BRH:21
end_of_record
TN:
SF:combat.js
FN:21,getAggroPlayers
FN:22,getLastAutoAttackTime
FN:23,setLastAutoAttackTime
FN:26,fleeFrom
FN:47,(anonymous_4)
FN:70,(anonymous_5)
FN:82,setupCombat
FN:86,(anonymous_7)
FN:96,(anonymous_8)
FN:117,(anonymous_9)
FN:140,(anonymous_10)
FN:143,(anonymous_11)
FN:144,(anonymous_12)
FN:145,(anonymous_13)
FN:153,(anonymous_14)
FN:161,(anonymous_15)
FN:175,(anonymous_16)
FN:185,(anonymous_17)
FN:211,(anonymous_18)
FN:220,(anonymous_19)
FN:230,(anonymous_20)
FN:243,(anonymous_21)
FN:246,(anonymous_22)
FN:247,(anonymous_23)
FN:248,(anonymous_24)
FN:255,(anonymous_25)
FN:256,(anonymous_26)
FN:259,(anonymous_27)
FN:261,(anonymous_28)
FN:265,(anonymous_29)
FN:282,(anonymous_30)
FN:285,(anonymous_31)
FN:286,(anonymous_32)
FN:287,(anonymous_33)
FN:294,stopCombat
FN:305,(anonymous_35)
FNF:36
FNH:28
FNDA:1,getAggroPlayers
FNDA:2,getLastAutoAttackTime
FNDA:1,setLastAutoAttackTime
FNDA:13,fleeFrom
FNDA:10,(anonymous_4)
FNDA:1,(anonymous_5)
FNDA:50,setupCombat
FNDA:14,(anonymous_7)
FNDA:5,(anonymous_8)
FNDA:6,(anonymous_9)
FNDA:6,(anonymous_10)
FNDA:6,(anonymous_11)
FNDA:6,(anonymous_12)
FNDA:0,(anonymous_13)
FNDA:9,(anonymous_14)
FNDA:5,(anonymous_15)
FNDA:2,(anonymous_16)
FNDA:23,(anonymous_17)
FNDA:4,(anonymous_18)
FNDA:0,(anonymous_19)
FNDA:0,(anonymous_20)
FNDA:1,(anonymous_21)
FNDA:1,(anonymous_22)
FNDA:1,(anonymous_23)
FNDA:0,(anonymous_24)
FNDA:2,(anonymous_25)
FNDA:0,(anonymous_26)
FNDA:2,(anonymous_27)
FNDA:0,(anonymous_28)
FNDA:0,(anonymous_29)
FNDA:2,(anonymous_30)
FNDA:2,(anonymous_31)
FNDA:2,(anonymous_32)
FNDA:0,(anonymous_33)
FNDA:48,stopCombat
FNDA:3,(anonymous_35)
DA:8,64
DA:9,64
DA:12,64
DA:13,64
DA:14,64
DA:15,64
DA:16,64
DA:18,64
DA:21,1
DA:22,2
DA:23,1
DA:27,13
DA:28,13
DA:29,11
DA:31,11
DA:32,11
DA:33,11
DA:34,11
DA:36,11
DA:37,11
DA:39,11
DA:40,11
DA:43,11
DA:44,11
DA:45,11
DA:47,11
DA:48,10
DA:51,10
DA:52,10
DA:53,10
DA:54,10
DA:56,10
DA:57,9
DA:58,9
DA:59,9
DA:60,9
DA:61,9
DA:62,9
DA:70,11
DA:71,1
DA:72,1
DA:73,0
DA:74,0
DA:75,0
DA:76,0
DA:83,50
DA:86,50
DA:87,14
DA:88,14
DA:90,14
DA:91,12
DA:92,12
DA:95,12
DA:96,3
DA:97,5
DA:98,3
DA:101,3
DA:102,3
DA:103,3
DA:104,3
DA:105,3
DA:110,9
DA:111,9
DA:112,1
DA:113,1
DA:116,9
DA:117,8
DA:118,6
DA:119,4
DA:120,4
DA:121,4
DA:122,3
DA:123,3
DA:127,9
DA:129,8
DA:130,1
DA:131,1
DA:132,1
DA:133,1
DA:136,7
DA:137,7
DA:138,6
DA:139,6
DA:140,6
DA:141,6
DA:143,6
DA:144,6
DA:145,0
DA:149,10
DA:153,50
DA:154,9
DA:157,8
DA:158,4
DA:159,4
DA:161,4
DA:162,5
DA:163,2
DA:164,2
DA:165,2
DA:168,4
DA:169,3
DA:170,3
DA:175,8
DA:176,8
DA:177,2
DA:178,2
DA:179,2
DA:185,50
DA:186,23
DA:189,14
DA:190,14
DA:191,6
DA:192,6
DA:193,4
DA:194,4
DA:195,4
DA:199,14
DA:200,14
DA:201,2
DA:202,2
DA:203,2
DA:204,2
DA:205,2
DA:206,2
DA:211,14
DA:212,14
DA:213,1
DA:214,1
DA:215,1
DA:219,13
DA:220,1
DA:221,1
DA:222,1
DA:223,1
DA:224,1
DA:229,12
DA:230,2
DA:231,2
DA:233,2
DA:235,1
DA:236,1
DA:237,1
DA:241,2
DA:242,1
DA:243,1
DA:244,1
DA:246,1
DA:247,1
DA:250,2
DA:254,10
DA:255,2
DA:256,0
DA:259,10
DA:260,10
DA:261,0
DA:262,0
DA:263,0
DA:264,0
DA:265,0
DA:268,0
DA:269,0
DA:270,0
DA:272,0
DA:277,10
DA:278,2
DA:279,2
DA:280,2
DA:281,2
DA:282,2
DA:283,2
DA:285,2
DA:286,2
DA:295,48
DA:296,32
DA:297,32
DA:301,64
DA:305,3
LF:177
LH:162
BRDA:26,0,0,4
BRDA:28,1,0,2
BRDA:28,1,1,11
BRDA:28,2,0,13
BRDA:28,2,1,12
BRDA:34,3,0,11
BRDA:34,3,1,0
BRDA:56,4,0,9
BRDA:56,4,1,1
BRDA:56,5,0,10
BRDA:56,5,1,1
BRDA:56,5,2,1
BRDA:63,6,0,0
BRDA:63,6,1,9
BRDA:63,7,0,9
BRDA:63,7,1,0
BRDA:72,8,0,0
BRDA:72,8,1,1
BRDA:90,9,0,12
BRDA:90,9,1,2
BRDA:90,10,0,14
BRDA:90,10,1,13
BRDA:95,11,0,3
BRDA:95,11,1,9
BRDA:95,12,0,12
BRDA:95,12,1,10
BRDA:97,13,0,2
BRDA:97,13,1,3
BRDA:97,14,0,5
BRDA:97,14,1,4
BRDA:98,15,0,3
BRDA:98,15,1,3
BRDA:101,16,0,3
BRDA:101,16,1,0
BRDA:111,17,0,1
BRDA:111,17,1,8
BRDA:111,18,0,9
BRDA:111,18,1,1
BRDA:111,18,2,1
BRDA:113,19,0,1
BRDA:113,19,1,0
BRDA:116,20,0,8
BRDA:116,20,1,1
BRDA:118,21,0,2
BRDA:118,21,1,4
BRDA:118,22,0,6
BRDA:118,22,1,5
BRDA:120,23,0,0
BRDA:120,23,1,4
BRDA:121,24,0,1
BRDA:121,24,1,3
BRDA:121,25,0,4
BRDA:121,25,1,2
BRDA:122,26,0,0
BRDA:122,26,1,3
BRDA:122,27,0,3
BRDA:122,27,1,1
BRDA:122,27,2,1
BRDA:127,28,0,8
BRDA:127,28,1,1
BRDA:129,29,0,1
BRDA:129,29,1,7
BRDA:137,30,0,6
BRDA:137,30,1,1
BRDA:139,31,0,6
BRDA:139,31,1,1
BRDA:139,32,0,1
BRDA:139,32,1,5
BRDA:141,33,0,6
BRDA:141,33,1,0
BRDA:144,34,0,6
BRDA:144,34,1,1
BRDA:154,35,0,1
BRDA:154,35,1,8
BRDA:157,36,0,4
BRDA:157,36,1,4
BRDA:157,37,0,8
BRDA:157,37,1,4
BRDA:159,38,0,4
BRDA:159,38,1,1
BRDA:159,38,2,0
BRDA:162,39,0,3
BRDA:162,39,1,2
BRDA:162,40,0,5
BRDA:162,40,1,4
BRDA:162,40,2,3
BRDA:164,41,0,0
BRDA:164,41,1,2
BRDA:165,42,0,2
BRDA:165,42,1,0
BRDA:165,42,2,0
BRDA:168,43,0,3
BRDA:168,43,1,1
BRDA:170,44,0,3
BRDA:170,44,1,1
BRDA:170,44,2,0
BRDA:175,45,0,2
BRDA:175,45,1,1
BRDA:176,46,0,2
BRDA:176,46,1,6
BRDA:176,47,0,8
BRDA:176,47,1,3
BRDA:176,47,2,2
BRDA:186,48,0,9
BRDA:186,48,1,14
BRDA:186,49,0,23
BRDA:186,49,1,22
BRDA:186,49,2,21
BRDA:191,50,0,0
BRDA:191,50,1,6
BRDA:191,51,0,6
BRDA:191,51,1,6
BRDA:191,51,2,6
BRDA:192,52,0,2
BRDA:192,52,1,4
BRDA:193,53,0,0
BRDA:193,53,1,4
BRDA:195,54,0,4
BRDA:195,54,1,0
BRDA:200,55,0,2
BRDA:200,55,1,12
BRDA:202,56,0,0
BRDA:202,56,1,2
BRDA:202,57,0,2
BRDA:202,57,1,2
BRDA:202,57,2,2
BRDA:203,58,0,0
BRDA:203,58,1,2
BRDA:203,59,0,2
BRDA:203,59,1,2
BRDA:204,60,0,0
BRDA:204,60,1,2
BRDA:206,61,0,2
BRDA:206,61,1,0
BRDA:211,62,0,4
BRDA:211,62,1,1
BRDA:212,63,0,1
BRDA:212,63,1,13
BRDA:219,64,0,1
BRDA:219,64,1,12
BRDA:219,65,0,13
BRDA:219,65,1,12
BRDA:221,66,0,1
BRDA:221,66,1,0
BRDA:221,67,0,1
BRDA:221,67,1,1
BRDA:229,68,0,2
BRDA:229,68,1,10
BRDA:233,69,0,1
BRDA:233,69,1,1
BRDA:241,70,0,1
BRDA:241,70,1,1
BRDA:241,71,0,2
BRDA:241,71,1,1
BRDA:244,72,0,1
BRDA:244,72,1,0
BRDA:255,73,0,2
BRDA:255,73,1,2
BRDA:259,74,0,2
BRDA:259,74,1,0
BRDA:260,75,0,0
BRDA:260,75,1,10
BRDA:262,76,0,0
BRDA:262,76,1,0
BRDA:264,77,0,0
BRDA:264,77,1,0
BRDA:264,78,0,0
BRDA:264,78,1,0
BRDA:269,79,0,0
BRDA:269,79,1,0
BRDA:269,80,0,0
BRDA:269,80,1,0
BRDA:277,81,0,2
BRDA:277,81,1,8
BRDA:280,82,0,2
BRDA:280,82,1,0
BRDA:283,83,0,2
BRDA:283,83,1,0
BRDA:295,84,0,32
BRDA:295,84,1,16
BRF:180
BRH:143
end_of_record
TN:
SF:persistence.js
FN:18,writeJson
FN:28,readJson
FN:40,loadProtectedZones
FN:45,saveProtectedZones
FN:50,getProtectedZones
FN:51,setProtectedZones
FN:53,isBlockProtected
FN:66,loadSavedLocations
FN:71,saveSavedLocations
FN:75,getSavedLocations
FN:76,setSavedLocations
FN:79,loadBlueprints
FN:84,saveBlueprints
FN:88,getBlueprints
FN:89,setBlueprints
FNF:15
FNH:15
FNDA:19,writeJson
FNDA:216,readJson
FNDA:72,loadProtectedZones
FNDA:5,saveProtectedZones
FNDA:11,getProtectedZones
FNDA:1,setProtectedZones
FNDA:6,isBlockProtected
FNDA:72,loadSavedLocations
FNDA:4,saveSavedLocations
FNDA:11,getSavedLocations
FNDA:1,setSavedLocations
FNDA:72,loadBlueprints
FNDA:10,saveBlueprints
FNDA:26,getBlueprints
FNDA:1,setBlueprints
DA:5,72
DA:6,72
DA:8,72
DA:9,72
DA:10,72
DA:13,72
DA:14,72
DA:15,72
DA:19,19
DA:20,19
DA:21,19
DA:22,19
DA:24,1
DA:29,216
DA:30,216
DA:31,12
DA:34,3
DA:36,207
DA:41,72
DA:42,72
DA:46,5
DA:47,5
DA:50,11
DA:51,1
DA:54,6
DA:55,2
DA:60,2
DA:62,5
DA:67,72
DA:68,72
DA:72,4
DA:75,11
DA:76,1
DA:80,72
DA:81,72
DA:85,10
DA:88,26
DA:89,1
DA:92,72
DA:93,72
DA:94,72
DA:96,72
LF:42
LH:42
BRDA:21,0,0,18
BRDA:21,0,1,1
BRDA:30,1,0,12
BRDA:30,1,1,204
BRDA:60,2,0,1
BRDA:60,2,1,1
BRF:6
BRH:6
end_of_record
TN:
SF:reflexes.js
FN:16,cmdLookAround
FN:25,cmdMaintainStatus
FN:29,(anonymous_2)
FN:47,cmdDefend
FN:49,(anonymous_4)
FN:79,cmdCollectDrops
FN:81,(anonymous_6)
FN:89,(anonymous_7)
FN:95,cmdGetNearby
FN:115,(anonymous_9)
FN:120,cmdGetTime
FN:129,cmdAutoGear
FN:138,cmdAutoSleep
FN:149,(anonymous_13)
FN:172,cmdPlaceTorch
FN:180,(anonymous_15)
FN:199,cmdPrecogAction
FN:312,cmdExecutePredictiveChain
FN:316,(anonymous_18)
FN:321,(anonymous_19)
FN:339,(anonymous_20)
FN:347,cmdStopPredictiveChain
FN:352,cmdGetReflexLog
FNF:23
FNH:16
FNDA:9,cmdLookAround
FNDA:4,cmdMaintainStatus
FNDA:2,(anonymous_2)
FNDA:4,cmdDefend
FNDA:0,(anonymous_4)
FNDA:3,cmdCollectDrops
FNDA:0,(anonymous_6)
FNDA:1,(anonymous_7)
FNDA:3,cmdGetNearby
FNDA:1,(anonymous_9)
FNDA:2,cmdGetTime
FNDA:0,cmdAutoGear
FNDA:0,cmdAutoSleep
FNDA:0,(anonymous_13)
FNDA:0,cmdPlaceTorch
FNDA:0,(anonymous_15)
FNDA:8,cmdPrecogAction
FNDA:11,cmdExecutePredictiveChain
FNDA:11,(anonymous_18)
FNDA:11,(anonymous_19)
FNDA:10,(anonymous_20)
FNDA:2,cmdStopPredictiveChain
FNDA:2,cmdGetReflexLog
DA:6,19
DA:7,19
DA:8,19
DA:9,19
DA:10,19
DA:13,19
DA:17,9
DA:18,9
DA:19,9
DA:20,9
DA:21,9
DA:26,4
DA:27,4
DA:29,3
DA:30,2
DA:35,3
DA:37,2
DA:38,2
DA:39,2
DA:40,1
DA:42,1
DA:48,4
DA:49,4
DA:50,0
DA:54,4
DA:56,3
DA:58,3
DA:59,2
DA:60,2
DA:61,2
DA:62,2
DA:63,2
DA:64,2
DA:65,2
DA:66,1
DA:67,1
DA:69,1
DA:74,2
DA:75,2
DA:80,3
DA:81,3
DA:82,0
DA:85,3
DA:87,1
DA:88,1
DA:89,1
DA:90,1
DA:91,1
DA:96,3
DA:97,3
DA:98,3
DA:100,3
DA:101,4
DA:102,3
DA:103,3
DA:105,2
DA:113,3
DA:115,1
DA:121,2
DA:122,2
DA:130,0
DA:131,0
DA:132,0
DA:134,0
DA:139,0
DA:140,0
DA:143,0
DA:144,0
DA:146,0
DA:149,0
DA:150,0
DA:152,0
DA:154,0
DA:158,0
DA:159,0
DA:162,0
DA:163,0
DA:164,0
DA:166,0
DA:167,0
DA:173,0
DA:176,0
DA:177,0
DA:180,0
DA:181,0
DA:184,0
DA:185,0
DA:187,0
DA:188,0
DA:189,0
DA:190,0
DA:191,0
DA:193,0
DA:194,0
DA:200,8
DA:201,8
DA:202,8
DA:205,8
DA:207,7
DA:209,7
DA:211,7
DA:212,4
DA:213,4
DA:214,4
DA:215,4
DA:217,3
DA:218,2
DA:220,1
DA:221,1
DA:222,1
DA:224,1
DA:226,1
DA:227,1
DA:228,1
DA:229,1
DA:230,1
DA:232,0
DA:236,3
DA:237,1
DA:238,1
DA:239,1
DA:240,1
DA:241,1
DA:242,1
DA:243,1
DA:245,1
DA:249,2
DA:250,1
DA:251,1
DA:252,1
DA:253,1
DA:254,3
DA:255,9
DA:256,45
DA:257,45
DA:258,45
DA:259,45
DA:264,1
DA:268,1
DA:269,1
DA:270,1
DA:271,1
DA:273,0
DA:274,0
DA:276,0
DA:277,0
DA:278,0
DA:279,0
DA:280,0
DA:281,0
DA:282,0
DA:284,0
DA:285,0
DA:286,0
DA:289,1
DA:290,1
DA:293,1
DA:294,1
DA:299,19
DA:313,11
DA:315,11
DA:316,11
DA:318,11
DA:319,11
DA:321,11
DA:322,11
DA:323,11
DA:324,1
DA:325,1
DA:327,10
DA:328,10
DA:329,10
DA:330,9
DA:331,8
DA:333,1
DA:334,1
DA:337,1
DA:339,10
DA:341,4
DA:344,11
DA:348,2
DA:349,2
DA:353,2
DA:354,2
DA:355,2
DA:358,19
LF:186
LH:137
BRDA:27,0,0,1
BRDA:27,0,1,3
BRDA:30,1,0,2
BRDA:30,1,1,1
BRDA:30,1,2,1
BRDA:30,1,3,0
BRDA:30,1,4,0
BRDA:30,1,5,0
BRDA:35,2,0,1
BRDA:35,2,1,2
BRDA:50,3,0,0
BRDA:50,3,1,0
BRDA:50,3,2,0
BRDA:54,4,0,1
BRDA:54,4,1,3
BRDA:58,5,0,2
BRDA:58,5,1,1
BRDA:60,6,0,2
BRDA:60,6,1,0
BRDA:82,7,0,0
BRDA:82,7,1,0
BRDA:85,8,0,2
BRDA:85,8,1,1
BRDA:101,9,0,1
BRDA:101,9,1,3
BRDA:101,10,0,4
BRDA:101,10,1,4
BRDA:103,11,0,1
BRDA:103,11,1,2
BRDA:106,12,0,2
BRDA:106,12,1,0
BRDA:106,12,2,0
BRDA:115,13,0,1
BRDA:115,13,1,1
BRDA:124,14,0,2
BRDA:124,14,1,1
BRDA:131,15,0,0
BRDA:131,15,1,0
BRDA:143,16,0,0
BRDA:143,16,1,0
BRDA:143,17,0,0
BRDA:143,17,1,0
BRDA:144,18,0,0
BRDA:144,18,1,0
BRDA:146,19,0,0
BRDA:146,19,1,0
BRDA:150,20,0,0
BRDA:150,20,1,0
BRDA:158,21,0,0
BRDA:158,21,1,0
BRDA:158,22,0,0
BRDA:158,22,1,0
BRDA:177,23,0,0
BRDA:177,23,1,0
BRDA:177,24,0,0
BRDA:177,24,1,0
BRDA:181,25,0,0
BRDA:181,25,1,0
BRDA:185,26,0,0
BRDA:185,26,1,0
BRDA:185,27,0,0
BRDA:185,27,1,0
BRDA:185,27,2,0
BRDA:202,28,0,8
BRDA:202,28,1,0
BRDA:205,29,0,1
BRDA:205,29,1,7
BRDA:211,30,0,4
BRDA:211,30,1,3
BRDA:211,31,0,7
BRDA:211,31,1,4
BRDA:213,32,0,4
BRDA:213,32,1,3
BRDA:215,33,0,1
BRDA:215,33,1,3
BRDA:218,34,0,1
BRDA:218,34,1,1
BRDA:224,35,0,0
BRDA:224,35,1,1
BRDA:227,36,0,1
BRDA:227,36,1,0
BRDA:227,37,0,1
BRDA:227,37,1,1
BRDA:236,38,0,1
BRDA:236,38,1,2
BRDA:249,39,0,1
BRDA:249,39,1,1
BRDA:249,40,0,2
BRDA:249,40,1,1
BRDA:249,40,2,1
BRDA:250,41,0,1
BRDA:250,41,1,0
BRDA:256,42,0,0
BRDA:256,42,1,45
BRDA:258,43,0,45
BRDA:258,43,1,0
BRDA:258,44,0,45
BRDA:258,44,1,45
BRDA:268,45,0,1
BRDA:268,45,1,0
BRDA:271,46,0,0
BRDA:271,46,1,1
BRDA:274,47,0,0
BRDA:274,47,1,0
BRDA:276,48,0,0
BRDA:276,48,1,0
BRDA:276,49,0,0
BRDA:276,49,1,0
BRDA:276,50,0,0
BRDA:276,50,1,0
BRDA:277,51,0,0
BRDA:277,51,1,0
BRDA:277,52,0,0
BRDA:277,52,1,0
BRDA:277,53,0,0
BRDA:277,53,1,0
BRDA:278,54,0,0
BRDA:278,54,1,0
BRDA:278,55,0,0
BRDA:278,55,1,0
BRDA:279,56,0,0
BRDA:279,56,1,0
BRDA:279,57,0,0
BRDA:279,57,1,0
BRDA:280,58,0,0
BRDA:280,58,1,0
BRDA:280,59,0,0
BRDA:280,59,1,0
BRDA:280,60,0,0
BRDA:280,60,1,0
BRDA:281,61,0,0
BRDA:281,61,1,0
BRDA:281,62,0,0
BRDA:281,62,1,0
BRDA:281,63,0,0
BRDA:281,63,1,0
BRDA:282,64,0,0
BRDA:282,64,1,0
BRDA:282,65,0,0
BRDA:282,65,1,0
BRDA:313,66,0,1
BRDA:323,67,0,1
BRDA:323,67,1,10
BRDA:329,68,0,9
BRDA:329,68,1,1
BRDA:330,69,0,9
BRDA:330,69,1,9
BRF:147
BRH:63
end_of_record
TN:
SF:shared.js
FN:10,(anonymous_0)
FN:28,(anonymous_1)
FN:37,(anonymous_2)
FN:38,(anonymous_3)
FN:42,(anonymous_4)
FN:46,(anonymous_5)
FN:62,getBot
FN:63,setBot
FN:64,getMcData
FN:65,setMcData
FN:68,send
FN:74,mcLog
FN:76,(anonymous_12)
FN:81,sendEvent
FN:100,(anonymous_14)
FN:101,(anonymous_15)
FNF:16
FNH:14
FNDA:20,(anonymous_0)
FNDA:12,(anonymous_1)
FNDA:12,(anonymous_2)
FNDA:12,(anonymous_3)
FNDA:0,(anonymous_4)
FNDA:0,(anonymous_5)
FNDA:297,getBot
FNDA:249,setBot
FNDA:88,getMcData
FNDA:163,setMcData
FNDA:4,send
FNDA:198,mcLog
FNDA:459,(anonymous_12)
FNDA:28,sendEvent
FNDA:18,(anonymous_14)
FNDA:1,(anonymous_15)
DA:6,102
DA:7,102
DA:11,20
DA:14,20
DA:16,20
DA:17,18
DA:18,18
DA:22,20
DA:24,20
DA:27,20
DA:28,2
DA:29,12
DA:30,0
DA:33,2
DA:36,2
DA:37,12
DA:38,12
DA:41,2
DA:42,2
DA:44,0
DA:46,0
DA:47,0
DA:48,0
DA:51,0
DA:58,102
DA:59,102
DA:60,102
DA:62,297
DA:63,249
DA:64,88
DA:65,163
DA:69,4
DA:70,4
DA:75,198
DA:76,459
DA:77,198
DA:82,28
DA:86,102
DA:93,102
DA:100,18
DA:101,1
LF:41
LH:35
BRDA:16,0,0,18
BRDA:16,0,1,2
BRDA:16,1,0,20
BRDA:16,1,1,20
BRDA:17,2,0,0
BRDA:17,2,1,18
BRDA:18,3,0,0
BRDA:18,3,1,18
BRDA:27,4,0,2
BRDA:27,4,1,18
BRDA:27,5,0,20
BRDA:27,5,1,20
BRDA:29,6,0,0
BRDA:29,6,1,12
BRDA:29,7,0,12
BRDA:29,7,1,0
BRDA:37,8,0,0
BRDA:37,8,1,12
BRDA:41,9,0,2
BRDA:41,9,1,2
BRDA:44,10,0,0
BRDA:44,10,1,0
BRDA:47,11,0,0
BRDA:47,11,1,0
BRDA:68,12,0,0
BRDA:68,13,0,2
BRDA:74,14,0,8
BRDA:77,15,0,190
BRDA:77,15,1,8
BRDA:101,16,0,1
BRDA:101,16,1,1
BRF:31
BRH:21
end_of_record
TN:
SF:test_craft.js
FN:16,(anonymous_0)
FN:23,(anonymous_1)
FNF:2
FNH:0
FNDA:0,(anonymous_0)
FNDA:0,(anonymous_1)
DA:1,0
DA:2,0
DA:3,0
DA:4,0
DA:5,0
DA:7,0
DA:13,0
DA:14,0
DA:16,0
DA:17,0
DA:18,0
DA:19,0
DA:22,0
DA:23,0
DA:25,0
DA:26,0
DA:27,0
DA:28,0
DA:29,0
DA:31,0
DA:34,0
LF:21
LH:0
BRF:0
BRH:0
end_of_record
TN:
SF:test_recipe.js
FN:10,(anonymous_0)
FNF:1
FNH:0
FNDA:0,(anonymous_0)
DA:1,0
DA:2,0
DA:4,0
DA:10,0
DA:11,0
DA:12,0
DA:13,0
DA:14,0
DA:15,0
LF:9
LH:0
BRF:0
BRH:0
end_of_record
TN:
SF:visual.js
FN:26,initViewer
FN:56,(anonymous_1)
FN:61,(anonymous_2)
FN:79,(anonymous_3)
FN:104,(anonymous_4)
FN:121,reinitializeViewer
FN:129,(anonymous_6)
FN:146,captureScreenshot
FN:173,(anonymous_8)
FN:216,closeViewer
FN:233,isViewerReady
FN:240,getFailureCount
FNF:12
FNH:10
FNDA:14,initViewer
FNDA:0,(anonymous_1)
FNDA:0,(anonymous_2)
FNDA:13,(anonymous_3)
FNDA:12,(anonymous_4)
FNDA:6,reinitializeViewer
FNDA:4,(anonymous_6)
FNDA:11,captureScreenshot
FNDA:5,(anonymous_8)
FNDA:7,closeViewer
FNDA:7,isViewerReady
FNDA:8,getFailureCount
DA:9,17
DA:10,17
DA:11,17
DA:12,17
DA:13,17
DA:14,17
DA:17,17
DA:18,17
DA:19,17
DA:27,14
DA:28,14
DA:30,14
DA:33,14
DA:34,14
DA:36,0
DA:37,0
DA:38,0
DA:39,0
DA:42,14
DA:43,14
DA:45,0
DA:46,0
DA:47,0
DA:48,0
DA:52,14
DA:53,14
DA:54,14
DA:55,14
DA:56,0
DA:57,0
DA:58,0
DA:59,0
DA:61,0
DA:66,0
DA:67,0
DA:72,14
DA:73,14
DA:79,13
DA:80,13
DA:83,13
DA:84,13
DA:88,12
DA:90,1
DA:91,1
DA:92,1
DA:93,1
DA:94,1
DA:97,12
DA:98,12
DA:100,12
DA:101,12
DA:104,12
DA:106,12
DA:107,12
DA:108,12
DA:111,1
DA:112,1
DA:113,1
DA:114,1
DA:122,6
DA:124,4
DA:125,4
DA:127,4
DA:128,4
DA:129,4
DA:130,4
DA:131,4
DA:132,4
DA:134,0
DA:135,0
DA:137,4
DA:147,11
DA:148,6
DA:149,6
DA:152,6
DA:153,0
DA:154,0
DA:155,0
DA:157,0
DA:158,0
DA:159,0
DA:160,0
DA:162,0
DA:167,6
DA:170,5
DA:172,5
DA:173,5
DA:176,5
DA:182,1
DA:183,0
DA:184,0
DA:185,0
DA:189,1
DA:191,1
DA:200,4
DA:201,4
DA:204,4
DA:205,1
DA:206,1
DA:209,4
DA:217,7
DA:218,6
DA:219,6
DA:221,1
DA:223,6
DA:224,6
DA:226,7
DA:227,7
DA:234,7
DA:241,8
DA:244,17
LF:111
LH:83
BRDA:55,0,0,0
BRDA:55,0,1,14
BRDA:56,1,0,0
BRDA:56,1,1,0
BRDA:57,2,0,0
BRDA:57,2,1,0
BRDA:66,3,0,0
BRDA:66,3,1,0
BRDA:67,4,0,0
BRDA:67,4,1,0
BRDA:88,5,0,12
BRDA:88,5,1,0
BRDA:122,6,0,2
BRDA:122,6,1,4
BRDA:122,7,0,6
BRDA:122,7,1,5
BRDA:131,8,0,3
BRDA:131,8,1,1
BRDA:147,9,0,6
BRDA:147,9,1,5
BRDA:147,10,0,11
BRDA:147,10,1,5
BRDA:152,11,0,0
BRDA:152,11,1,6
BRDA:152,12,0,6
BRDA:152,12,1,0
BRDA:155,13,0,0
BRDA:155,13,1,0
BRDA:155,14,0,0
BRDA:155,14,1,0
BRDA:155,14,2,0
BRDA:182,15,0,0
BRDA:182,15,1,1
BRDA:182,16,0,1
BRDA:182,16,1,1
BRDA:204,17,0,1
BRDA:204,17,1,3
BRDA:217,18,0,6
BRDA:217,18,1,1
BRF:39
BRH:21
end_of_record
TN:
SF:commands/building.js
FN:12,cmdPlace
FN:16,(anonymous_1)
FN:66,(anonymous_2)
FN:81,cmdProtect
FN:99,cmdListProtectedZones
FN:104,cmdSaveLocation
FN:123,cmdGotoLocation
FN:145,cmdCopyBuild
FN:182,cmdBuild
FN:212,(anonymous_9)
FN:222,(anonymous_10)
FN:226,(anonymous_11)
FN:253,(anonymous_12)
FN:263,cmdListLocations
FN:265,(anonymous_14)
FN:271,cmdListBlueprints
FN:273,(anonymous_16)
FNF:17
FNH:12
FNDA:6,cmdPlace
FNDA:5,(anonymous_1)
FNDA:0,(anonymous_2)
FNDA:2,cmdProtect
FNDA:1,cmdListProtectedZones
FNDA:4,cmdSaveLocation
FNDA:4,cmdGotoLocation
FNDA:12,cmdCopyBuild
FNDA:10,cmdBuild
FNDA:0,(anonymous_9)
FNDA:0,(anonymous_10)
FNDA:5,(anonymous_11)
FNDA:4,(anonymous_12)
FNDA:1,cmdListLocations
FNDA:0,(anonymous_14)
FNDA:1,cmdListBlueprints
FNDA:0,(anonymous_16)
DA:5,49
DA:10,49
DA:13,6
DA:14,6
DA:15,6
DA:16,6
DA:17,6
DA:19,5
DA:21,5
DA:22,3
DA:23,3
DA:24,3
DA:25,2
DA:28,2
DA:29,2
DA:30,2
DA:31,2
DA:32,2
DA:33,2
DA:35,2
DA:41,2
DA:49,2
DA:50,2
DA:51,6
DA:52,6
DA:53,6
DA:54,1
DA:55,1
DA:56,1
DA:59,2
DA:60,1
DA:65,2
DA:66,0
DA:69,2
DA:70,0
DA:71,0
DA:74,2
DA:75,2
DA:77,1
DA:82,2
DA:83,2
DA:85,2
DA:86,1
DA:87,1
DA:88,1
DA:91,2
DA:92,2
DA:93,2
DA:95,2
DA:96,2
DA:100,1
DA:101,1
DA:105,4
DA:106,4
DA:108,3
DA:109,3
DA:115,3
DA:116,3
DA:117,3
DA:119,3
DA:120,3
DA:124,4
DA:125,4
DA:126,4
DA:128,4
DA:130,3
DA:131,3
DA:133,2
DA:134,2
DA:135,2
DA:136,2
DA:138,1
DA:139,1
DA:141,1
DA:146,12
DA:147,12
DA:148,12
DA:150,12
DA:152,11
DA:153,11
DA:154,11
DA:155,11
DA:156,11
DA:158,11
DA:159,11
DA:160,11
DA:161,11
DA:162,10
DA:163,9
DA:164,9
DA:170,10
DA:172,9
DA:173,9
DA:175,9
DA:176,9
DA:178,1
DA:183,10
DA:184,10
DA:185,10
DA:187,10
DA:189,9
DA:190,9
DA:192,8
DA:193,8
DA:194,7
DA:196,7
DA:197,7
DA:198,7
DA:200,7
DA:201,5
DA:203,7
DA:204,7
DA:205,7
DA:208,7
DA:209,1
DA:210,1
DA:211,1
DA:212,1
DA:213,1
DA:214,1
DA:215,1
DA:221,7
DA:222,7
DA:224,7
DA:225,7
DA:226,7
DA:227,7
DA:229,4
DA:230,4
DA:231,3
DA:232,0
DA:234,0
DA:235,0
DA:236,0
DA:238,0
DA:239,0
DA:240,0
DA:241,0
DA:242,0
DA:243,0
DA:244,0
DA:245,0
DA:246,0
DA:249,0
DA:251,4
DA:253,4
DA:256,7
DA:257,7
DA:259,1
DA:264,1
DA:265,1
DA:268,1
DA:272,1
DA:273,1
DA:276,1
DA:279,49
LF:156
LH:139
BRDA:17,0,0,1
BRDA:17,0,1,5
BRDA:21,1,0,3
BRDA:21,1,1,2
BRDA:21,2,0,5
BRDA:21,2,1,3
BRDA:21,2,2,3
BRDA:24,3,0,1
BRDA:24,3,1,2
BRDA:24,4,0,3
BRDA:24,4,1,2
BRDA:53,5,0,1
BRDA:53,5,1,5
BRDA:53,6,0,6
BRDA:53,6,1,6
BRDA:53,6,2,1
BRDA:53,6,3,1
BRDA:59,7,0,1
BRDA:59,7,1,1
BRDA:69,8,0,0
BRDA:69,8,1,2
BRDA:81,9,0,0
BRDA:85,10,0,1
BRDA:85,10,1,1
BRDA:85,11,0,2
BRDA:85,11,1,1
BRDA:85,11,2,1
BRDA:91,12,0,2
BRDA:91,12,1,0
BRDA:106,13,0,1
BRDA:106,13,1,3
BRDA:111,14,0,3
BRDA:111,14,1,0
BRDA:128,15,0,1
BRDA:128,15,1,3
BRDA:131,16,0,1
BRDA:131,16,1,2
BRDA:131,17,0,1
BRDA:131,17,1,1
BRDA:145,18,0,1
BRDA:145,19,0,1
BRDA:150,20,0,1
BRDA:150,20,1,11
BRDA:162,21,0,9
BRDA:162,21,1,1
BRDA:162,22,0,10
BRDA:162,22,1,10
BRDA:162,22,2,9
BRDA:162,22,3,9
BRDA:164,23,0,9
BRDA:164,23,1,9
BRDA:170,24,0,1
BRDA:170,24,1,9
BRDA:182,25,0,4
BRDA:187,26,0,1
BRDA:187,26,1,9
BRDA:190,27,0,1
BRDA:190,27,1,8
BRDA:190,28,0,1
BRDA:190,28,1,1
BRDA:201,29,0,4
BRDA:201,29,1,1
BRDA:201,30,0,4
BRDA:201,30,1,4
BRDA:204,31,0,7
BRDA:204,31,1,3
BRDA:205,32,0,3
BRDA:205,32,1,4
BRDA:208,33,0,1
BRDA:208,33,1,6
BRDA:208,34,0,7
BRDA:208,34,1,3
BRDA:215,35,0,1
BRDA:215,35,1,0
BRDA:226,36,0,5
BRDA:226,36,1,1
BRDA:227,37,0,3
BRDA:227,37,1,4
BRDA:234,38,0,0
BRDA:234,38,1,0
BRDA:234,39,0,0
BRDA:234,39,1,0
BRDA:242,40,0,0
BRDA:242,40,1,0
BRDA:242,41,0,0
BRDA:242,41,1,0
BRDA:249,42,0,0
BRDA:249,42,1,0
BRF:88
BRH:73
end_of_record
TN:
SF:commands/combat_cmds.js
FN:8,cmdAttack
FN:15,(anonymous_1)
FN:19,(anonymous_2)
FN:31,(anonymous_3)
FN:32,(anonymous_4)
FN:35,(anonymous_5)
FN:42,(anonymous_6)
FN:67,(anonymous_7)
FN:80,(anonymous_8)
FN:88,cmdEquip
FN:92,(anonymous_10)
FN:109,cmdShield
FN:113,(anonymous_12)
FN:132,cmdSleep
FN:138,(anonymous_14)
FN:149,cmdWake
FN:159,cmdEat
FN:162,(anonymous_17)
FNF:18
FNH:13
FNDA:5,cmdAttack
FNDA:0,(anonymous_1)
FNDA:0,(anonymous_2)
FNDA:2,(anonymous_3)
FNDA:26,(anonymous_4)
FNDA:0,(anonymous_5)
FNDA:2,(anonymous_6)
FNDA:0,(anonymous_7)
FNDA:2,(anonymous_8)
FNDA:5,cmdEquip
FNDA:3,(anonymous_10)
FNDA:5,cmdShield
FNDA:3,(anonymous_12)
FNDA:4,cmdSleep
FNDA:0,(anonymous_14)
FNDA:2,cmdWake
FNDA:4,cmdEat
FNDA:3,(anonymous_17)
DA:5,19
DA:6,19
DA:9,5
DA:10,5
DA:11,5
DA:13,5
DA:14,4
DA:15,4
DA:16,0
DA:19,1
DA:22,5
DA:24,4
DA:25,4
DA:26,2
DA:28,2
DA:29,2
DA:31,2
DA:32,2
DA:33,26
DA:35,26
DA:36,26
DA:37,1
DA:38,1
DA:39,1
DA:42,2
DA:46,4
DA:47,4
DA:48,1
DA:49,1
DA:53,3
DA:56,3
DA:57,3
DA:58,3
DA:59,3
DA:61,3
DA:62,2
DA:63,2
DA:65,0
DA:66,0
DA:67,0
DA:68,0
DA:70,2
DA:71,2
DA:73,2
DA:74,2
DA:75,2
DA:78,0
DA:80,2
DA:82,3
DA:84,3
DA:85,3
DA:89,5
DA:90,5
DA:92,4
DA:93,3
DA:95,4
DA:97,3
DA:98,3
DA:100,3
DA:101,3
DA:102,2
DA:103,2
DA:105,1
DA:110,5
DA:111,5
DA:112,5
DA:113,4
DA:114,4
DA:116,3
DA:117,3
DA:119,2
DA:120,2
DA:121,2
DA:123,1
DA:124,1
DA:125,1
DA:128,1
DA:133,4
DA:134,4
DA:135,4
DA:136,4
DA:138,3
DA:139,3
DA:141,2
DA:142,1
DA:143,1
DA:145,1
DA:150,2
DA:151,2
DA:152,1
DA:153,1
DA:155,1
DA:160,4
DA:161,4
DA:162,4
DA:163,3
DA:164,1
DA:170,4
DA:172,3
DA:173,3
DA:174,2
DA:175,2
DA:177,1
DA:181,19
LF:104
LH:98
BRDA:10,0,0,0
BRDA:13,1,0,4
BRDA:13,1,1,1
BRDA:16,2,0,0
BRDA:16,2,1,0
BRDA:22,3,0,1
BRDA:22,3,1,4
BRDA:25,4,0,2
BRDA:25,4,1,2
BRDA:28,5,0,2
BRDA:28,5,1,0
BRDA:35,6,0,26
BRDA:35,6,1,0
BRDA:36,7,0,1
BRDA:36,7,1,25
BRDA:36,8,0,26
BRDA:36,8,1,25
BRDA:47,9,0,1
BRDA:47,9,1,3
BRDA:61,10,0,5
BRDA:61,10,1,2
BRDA:63,11,0,0
BRDA:63,11,1,2
BRDA:65,12,0,0
BRDA:65,12,1,0
BRDA:73,13,0,2
BRDA:73,13,1,0
BRDA:88,14,0,3
BRDA:90,15,0,1
BRDA:90,15,1,4
BRDA:95,16,0,1
BRDA:95,16,1,3
BRDA:98,17,0,3
BRDA:98,17,1,0
BRDA:109,18,0,0
BRDA:112,19,0,4
BRDA:112,19,1,1
BRDA:114,20,0,1
BRDA:114,20,1,3
BRDA:117,21,0,2
BRDA:117,21,1,1
BRDA:117,22,0,3
BRDA:117,22,1,1
BRDA:136,23,0,1
BRDA:136,23,1,3
BRDA:136,24,0,4
BRDA:136,24,1,3
BRDA:139,25,0,1
BRDA:139,25,1,2
BRDA:159,26,0,1
BRDA:163,27,0,2
BRDA:163,27,1,1
BRDA:164,28,0,1
BRDA:164,28,1,1
BRDA:164,28,2,1
BRDA:164,28,3,0
BRDA:164,28,4,0
BRDA:164,28,5,0
BRDA:164,28,6,0
BRDA:164,28,7,0
BRDA:170,29,0,1
BRDA:170,29,1,3
BRDA:170,30,0,1
BRDA:170,30,1,1
BRF:64
BRH:48
end_of_record
TN:
SF:commands/equip_utils.js
FN:11,getTier
FN:23,findBest
FN:46,equipBestWeapon
FN:69,equipBestTool
FN:122,equipBestArmor
FN:154,(anonymous_5)
FNF:6
FNH:6
FNDA:35,getTier
FNDA:107,findBest
FNDA:19,equipBestWeapon
FNDA:37,equipBestTool
FNDA:8,equipBestArmor
FNDA:10,(anonymous_5)
DA:6,68
DA:9,68
DA:12,35
DA:13,124
DA:15,2
DA:24,107
DA:25,107
DA:26,107
DA:27,107
DA:28,107
DA:29,107
DA:30,57
DA:31,59
DA:32,23
DA:33,23
DA:34,22
DA:35,22
DA:40,107
DA:47,19
DA:48,19
DA:49,19
DA:50,19
DA:52,4
DA:53,4
DA:55,3
DA:56,3
DA:57,2
DA:58,2
DA:60,1
DA:61,1
DA:70,37
DA:71,37
DA:74,37
DA:75,0
DA:76,0
DA:77,0
DA:78,0
DA:79,0
DA:80,0
DA:81,0
DA:82,0
DA:83,0
DA:92,37
DA:93,34
DA:94,3
DA:95,1
DA:96,2
DA:97,1
DA:100,1
DA:103,37
DA:104,37
DA:106,6
DA:107,6
DA:109,5
DA:110,5
DA:111,4
DA:112,4
DA:114,1
DA:115,1
DA:123,8
DA:124,8
DA:126,8
DA:133,8
DA:135,8
DA:136,32
DA:137,32
DA:140,8
DA:141,8
DA:142,8
DA:144,7
DA:145,7
DA:146,6
DA:147,6
DA:149,1
DA:154,10
DA:155,8
DA:156,2
DA:157,2
DA:158,1
DA:159,1
DA:160,1
DA:161,1
DA:166,8
DA:169,68
LF:84
LH:75
BRDA:13,0,0,33
BRDA:13,0,1,91
BRDA:25,1,0,0
BRDA:25,1,1,107
BRDA:31,2,0,23
BRDA:31,2,1,36
BRDA:33,3,0,22
BRDA:33,3,1,1
BRDA:48,4,0,0
BRDA:48,4,1,19
BRDA:49,5,0,19
BRDA:49,5,1,16
BRDA:50,6,0,15
BRDA:50,6,1,4
BRDA:53,7,0,1
BRDA:53,7,1,3
BRDA:53,8,0,4
BRDA:53,8,1,1
BRDA:71,9,0,0
BRDA:71,9,1,37
BRDA:74,10,0,0
BRDA:74,10,1,37
BRDA:74,11,0,37
BRDA:74,11,1,0
BRDA:75,12,0,0
BRDA:75,12,1,0
BRDA:76,13,0,0
BRDA:76,13,1,0
BRDA:77,14,0,0
BRDA:77,14,1,0
BRDA:79,15,0,0
BRDA:79,15,1,0
BRDA:92,16,0,34
BRDA:92,16,1,3
BRDA:94,17,0,1
BRDA:94,17,1,2
BRDA:96,18,0,1
BRDA:96,18,1,1
BRDA:104,19,0,31
BRDA:104,19,1,6
BRDA:107,20,0,1
BRDA:107,20,1,5
BRDA:107,21,0,6
BRDA:107,21,1,1
BRDA:124,22,0,0
BRDA:124,22,1,8
BRDA:137,23,0,24
BRDA:137,23,1,8
BRDA:142,24,0,1
BRDA:142,24,1,7
BRDA:142,25,0,8
BRDA:142,25,1,2
BRDA:155,26,0,2
BRDA:155,26,1,6
BRDA:157,27,0,1
BRDA:157,27,1,1
BRDA:157,28,0,2
BRDA:157,28,1,1
BRF:58
BRH:44
end_of_record
TN:
SF:commands/farming.js
FN:7,cmdFarm
FN:17,(anonymous_1)
FN:20,(anonymous_2)
FN:55,cmdHarvest
FN:68,(anonymous_4)
FN:86,cmdPlant
FN:90,(anonymous_6)
FN:97,(anonymous_7)
FN:117,cmdFish
FN:120,(anonymous_9)
FN:125,(anonymous_10)
FN:136,(anonymous_11)
FN:140,(anonymous_12)
FNF:13
FNH:9
FNDA:5,cmdFarm
FNDA:4,(anonymous_1)
FNDA:7,(anonymous_2)
FNDA:3,cmdHarvest
FNDA:5,(anonymous_4)
FNDA:4,cmdPlant
FNDA:3,(anonymous_6)
FNDA:0,(anonymous_7)
FNDA:4,cmdFish
FNDA:3,(anonymous_9)
FNDA:0,(anonymous_10)
FNDA:0,(anonymous_11)
FNDA:0,(anonymous_12)
DA:5,19
DA:8,5
DA:9,5
DA:10,5
DA:11,5
DA:12,5
DA:14,5
DA:15,5
DA:17,5
DA:18,5
DA:20,7
DA:21,4
DA:23,3
DA:24,3
DA:25,3
DA:26,2
DA:28,2
DA:29,1
DA:30,1
DA:31,1
DA:33,1
DA:34,1
DA:35,1
DA:36,1
DA:37,1
DA:38,1
DA:39,1
DA:40,1
DA:48,2
DA:49,2
DA:51,1
DA:56,3
DA:57,3
DA:58,3
DA:59,3
DA:60,3
DA:62,3
DA:63,3
DA:64,9
DA:65,9
DA:66,8
DA:68,8
DA:69,5
DA:70,5
DA:71,5
DA:79,2
DA:80,2
DA:82,1
DA:87,4
DA:88,4
DA:89,4
DA:90,4
DA:91,3
DA:93,4
DA:95,3
DA:97,3
DA:98,3
DA:100,2
DA:101,2
DA:102,2
DA:103,1
DA:104,1
DA:105,1
DA:110,1
DA:111,1
DA:113,1
DA:118,4
DA:119,4
DA:120,4
DA:121,4
DA:123,3
DA:125,2
DA:126,2
DA:128,1
DA:129,1
DA:130,1
DA:132,1
DA:133,1
DA:135,1
DA:136,0
DA:137,0
DA:138,0
DA:139,0
DA:140,0
DA:141,0
DA:145,1
DA:146,1
DA:147,1
DA:149,1
DA:153,19
LF:90
LH:84
BRDA:7,0,0,0
BRDA:7,1,0,2
BRDA:15,2,0,5
BRDA:15,2,1,0
BRDA:18,3,0,1
BRDA:18,3,1,4
BRDA:21,4,0,1
BRDA:21,4,1,3
BRDA:28,5,0,1
BRDA:28,5,1,1
BRDA:28,6,0,2
BRDA:28,6,1,1
BRDA:28,6,2,0
BRDA:35,7,0,1
BRDA:35,7,1,0
BRDA:35,8,0,1
BRDA:35,8,1,1
BRDA:37,9,0,1
BRDA:37,9,1,0
BRDA:37,10,0,1
BRDA:37,10,1,1
BRDA:55,11,0,0
BRDA:68,12,0,5
BRDA:68,12,1,3
BRDA:68,13,0,8
BRDA:68,13,1,5
BRDA:69,14,0,5
BRDA:69,14,1,0
BRDA:70,15,0,5
BRDA:70,15,1,0
BRDA:70,16,0,5
BRDA:70,16,1,4
BRDA:70,16,2,0
BRDA:86,17,0,0
BRDA:86,18,0,2
BRDA:93,19,0,1
BRDA:93,19,1,3
BRDA:98,20,0,1
BRDA:98,20,1,2
BRDA:104,21,0,1
BRDA:104,21,1,0
BRDA:104,22,0,1
BRDA:104,22,1,1
BRDA:104,22,2,1
BRDA:117,23,0,0
BRDA:121,24,0,1
BRDA:121,24,1,3
BRDA:126,25,0,1
BRDA:126,25,1,1
BRDA:137,26,0,0
BRDA:137,26,1,0
BRF:51
BRH:37
end_of_record
TN:
SF:commands/movement.js
FN:15,getDirection
FN:24,tryAutoDig
FN:61,smartGoto
FN:82,(anonymous_3)
FN:87,(anonymous_4)
FN:95,(anonymous_5)
FN:118,(anonymous_6)
FN:119,(anonymous_7)
FN:121,(anonymous_8)
FN:134,(anonymous_9)
FN:175,(anonymous_10)
FN:175,(anonymous_11)
FN:194,cmdGoto
FN:202,cmdFollow
FN:215,cmdStopFollow
FN:221,cmdFind
FN:268,cmdExplore
FN:298,(anonymous_17)
FN:300,(anonymous_18)
FN:329,cmdWander
FNF:20
FNH:16
FNDA:6,getDirection
FNDA:2,tryAutoDig
FNDA:11,smartGoto
FNDA:11,(anonymous_3)
FNDA:11,(anonymous_4)
FNDA:77,(anonymous_5)
FNDA:3,(anonymous_6)
FNDA:1,(anonymous_7)
FNDA:11,(anonymous_8)
FNDA:5,(anonymous_9)
FNDA:0,(anonymous_10)
FNDA:0,(anonymous_11)
FNDA:3,cmdGoto
FNDA:3,cmdFollow
FNDA:1,cmdStopFollow
FNDA:6,cmdFind
FNDA:4,cmdExplore
FNDA:0,(anonymous_17)
FNDA:0,(anonymous_18)
FNDA:2,cmdWander
DA:11,21
DA:12,21
DA:16,6
DA:17,6
DA:18,6
DA:25,2
DA:26,2
DA:27,2
DA:30,2
DA:36,2
DA:37,2
DA:38,6
DA:39,6
DA:40,3
DA:41,3
DA:43,3
DA:44,3
DA:45,30
DA:46,30
DA:47,30
DA:48,30
DA:49,30
DA:51,3
DA:53,0
DA:57,2
DA:62,11
DA:63,11
DA:64,11
DA:66,11
DA:67,11
DA:68,11
DA:69,11
DA:70,11
DA:75,11
DA:76,11
DA:77,11
DA:78,0
DA:80,11
DA:82,11
DA:83,11
DA:84,11
DA:85,11
DA:87,11
DA:88,11
DA:89,11
DA:90,11
DA:91,11
DA:95,11
DA:96,77
DA:97,77
DA:98,77
DA:99,2
DA:101,2
DA:103,2
DA:104,2
DA:107,2
DA:109,2
DA:110,2
DA:113,75
DA:114,75
DA:118,11
DA:119,11
DA:121,11
DA:122,11
DA:123,11
DA:124,11
DA:125,11
DA:126,11
DA:127,11
DA:130,11
DA:131,11
DA:132,11
DA:134,11
DA:135,5
DA:139,11
DA:140,4
DA:143,7
DA:145,0
DA:151,0
DA:152,0
DA:153,0
DA:154,0
DA:155,0
DA:156,0
DA:157,0
DA:158,0
DA:160,0
DA:161,0
DA:163,0
DA:164,0
DA:165,0
DA:167,0
DA:168,0
DA:170,0
DA:172,0
DA:173,0
DA:175,0
DA:178,0
DA:180,0
DA:181,0
DA:183,0
DA:187,7
DA:190,0
DA:195,3
DA:196,3
DA:197,3
DA:198,3
DA:203,3
DA:204,3
DA:205,3
DA:207,3
DA:208,2
DA:211,1
DA:212,1
DA:216,1
DA:217,1
DA:222,6
DA:223,6
DA:225,6
DA:227,5
DA:228,5
DA:229,5
DA:230,10
DA:231,4
DA:235,5
DA:237,4
DA:238,3
DA:240,2
DA:241,2
DA:243,2
DA:245,2
DA:246,1
DA:247,1
DA:248,1
DA:257,1
DA:263,1
DA:269,4
DA:270,4
DA:274,4
DA:275,4
DA:276,4
DA:277,4
DA:278,4
DA:279,4
DA:280,4
DA:283,4
DA:286,4
DA:287,4
DA:288,4
DA:290,0
DA:294,4
DA:295,0
DA:297,0
DA:298,0
DA:300,0
DA:302,0
DA:303,0
DA:304,0
DA:305,0
DA:306,0
DA:310,4
DA:312,4
DA:313,4
DA:315,4
DA:330,2
DA:333,21
LF:166
LH:129
BRDA:18,0,0,2
BRDA:18,0,1,4
BRDA:19,1,0,1
BRDA:19,1,1,1
BRDA:20,2,0,3
BRDA:20,2,1,1
BRDA:39,3,0,3
BRDA:39,3,1,3
BRDA:39,4,0,6
BRDA:39,4,1,3
BRDA:39,4,2,3
BRDA:39,4,3,3
BRDA:46,5,0,0
BRDA:46,5,1,30
BRDA:46,6,0,30
BRDA:46,6,1,30
BRDA:61,7,0,0
BRDA:61,8,0,0
BRDA:61,9,0,8
BRDA:61,10,0,8
BRDA:77,11,0,0
BRDA:77,11,1,11
BRDA:88,12,0,0
BRDA:88,12,1,11
BRDA:96,13,0,0
BRDA:96,13,1,77
BRDA:98,14,0,2
BRDA:98,14,1,75
BRDA:101,15,0,2
BRDA:101,15,1,0
BRDA:101,16,0,2
BRDA:101,16,1,2
BRDA:107,17,0,2
BRDA:107,17,1,0
BRDA:139,18,0,4
BRDA:139,18,1,7
BRDA:139,19,0,11
BRDA:139,19,1,8
BRDA:143,20,0,0
BRDA:143,20,1,7
BRDA:143,21,0,7
BRDA:143,21,1,2
BRDA:151,22,0,0
BRDA:151,22,1,0
BRDA:152,23,0,0
BRDA:152,23,1,0
BRDA:154,24,0,0
BRDA:154,24,1,0
BRDA:163,25,0,0
BRDA:163,25,1,0
BRDA:178,26,0,0
BRDA:178,26,1,0
BRDA:195,27,0,3
BRDA:204,28,0,3
BRDA:207,29,0,2
BRDA:207,29,1,1
BRDA:207,30,0,3
BRDA:207,30,1,2
BRDA:221,31,0,5
BRDA:221,32,0,6
BRDA:225,33,0,1
BRDA:225,33,1,5
BRDA:230,34,0,4
BRDA:230,34,1,6
BRDA:235,35,0,1
BRDA:235,35,1,4
BRDA:238,36,0,1
BRDA:238,36,1,2
BRDA:245,37,0,1
BRDA:245,37,1,1
BRDA:249,38,0,1
BRDA:249,38,1,1
BRDA:252,39,0,0
BRDA:252,39,1,1
BRDA:253,40,0,0
BRDA:253,40,1,1
BRDA:268,41,0,1
BRDA:268,42,0,1
BRDA:286,43,0,4
BRDA:286,43,1,0
BRDA:286,44,0,4
BRDA:286,44,1,0
BRDA:294,45,0,0
BRDA:294,45,1,4
BRDA:298,46,0,0
BRDA:298,46,1,0
BRDA:298,46,2,0
BRDA:302,47,0,0
BRDA:302,47,1,0
BRDA:316,48,0,4
BRDA:316,48,1,4
BRDA:323,49,0,4
BRDA:323,49,1,4
BRDA:324,50,0,4
BRDA:324,50,1,0
BRDA:329,51,0,1
BRDA:329,52,0,1
BRF:97
BRH:67
end_of_record
TN:
SF:commands/resources.js
FN:43,resolveItem
FN:61,cmdCollect
FN:155,cmdCraft
FN:179,cmdSmelt
FN:195,cmdStore
FN:212,cmdTake
FNF:6
FNH:6
FNDA:7,resolveItem
FNDA:4,cmdCollect
FNDA:3,cmdCraft
FNDA:3,cmdSmelt
FNDA:3,cmdStore
FNDA:4,cmdTake
DA:6,19
DA:7,19
DA:8,19
DA:9,19
DA:10,19
DA:11,19
DA:14,19
DA:45,7
DA:47,2
DA:48,2
DA:50,0
DA:51,0
DA:52,0
DA:55,0
DA:56,0
DA:58,0
DA:62,4
DA:63,4
DA:64,4
DA:65,4
DA:66,4
DA:67,4
DA:70,4
DA:88,4
DA:89,0
DA:90,0
DA:94,4
DA:95,4
DA:96,4
DA:97,4
DA:98,3
DA:99,3
DA:100,0
DA:101,0
DA:105,3
DA:106,3
DA:107,0
DA:108,0
DA:109,0
DA:110,0
DA:111,0
DA:118,4
DA:119,4
DA:121,4
DA:122,4
DA:123,4
DA:124,1
DA:125,1
DA:127,1
DA:128,1
DA:129,0
DA:130,0
DA:132,1
DA:134,0
DA:135,0
DA:141,4
DA:142,4
DA:143,4
DA:144,4
DA:146,4
DA:147,4
DA:148,4
DA:150,0
DA:151,0
DA:156,3
DA:157,3
DA:158,3
DA:159,3
DA:160,3
DA:161,3
DA:164,3
DA:165,3
DA:167,3
DA:168,3
DA:170,3
DA:172,3
DA:173,1
DA:174,1
DA:176,2
DA:180,3
DA:181,3
DA:184,2
DA:185,2
DA:187,2
DA:188,2
DA:190,2
DA:192,2
DA:196,3
DA:197,3
DA:200,2
DA:201,2
DA:203,2
DA:204,2
DA:205,2
DA:207,2
DA:209,2
DA:213,4
DA:214,4
DA:217,3
DA:218,3
DA:220,3
DA:221,3
DA:222,3
DA:224,3
DA:226,3
DA:229,19
LF:106
LH:85
BRDA:45,0,0,5
BRDA:45,0,1,2
BRDA:45,1,0,7
BRDA:45,1,1,5
BRDA:48,2,0,2
BRDA:48,2,1,0
BRDA:48,3,0,2
BRDA:48,3,1,2
BRDA:48,3,2,2
BRDA:52,4,0,0
BRDA:52,4,1,0
BRDA:56,5,0,0
BRDA:56,5,1,0
BRDA:56,6,0,0
BRDA:56,6,1,0
BRDA:65,7,0,3
BRDA:67,8,0,1
BRDA:67,8,1,3
BRDA:88,9,0,0
BRDA:88,9,1,4
BRDA:95,10,0,4
BRDA:95,10,1,0
BRDA:97,11,0,3
BRDA:97,11,1,1
BRDA:99,12,0,0
BRDA:99,12,1,3
BRDA:107,13,0,0
BRDA:107,13,1,0
BRDA:107,14,0,0
BRDA:107,14,1,0
BRDA:108,15,0,0
BRDA:108,15,1,0
BRDA:109,16,0,0
BRDA:109,16,1,0
BRDA:121,17,0,4
BRDA:121,17,1,0
BRDA:123,18,0,1
BRDA:123,18,1,3
BRDA:128,19,0,0
BRDA:128,19,1,1
BRDA:147,20,0,1
BRDA:147,20,1,3
BRDA:147,21,0,0
BRDA:147,21,1,3
BRDA:159,22,0,2
BRDA:161,23,0,1
BRDA:161,23,1,2
BRDA:172,24,0,1
BRDA:172,24,1,2
BRDA:174,25,0,1
BRDA:174,25,1,0
BRDA:179,26,0,2
BRDA:179,27,0,1
BRDA:181,28,0,1
BRDA:181,28,1,2
BRDA:195,29,0,3
BRDA:197,30,0,1
BRDA:197,30,1,2
BRDA:203,31,0,2
BRDA:203,31,1,2
BRDA:212,32,0,3
BRDA:214,33,0,1
BRDA:214,33,1,3
BRDA:220,34,0,3
BRDA:220,34,1,2
BRF:65
BRH:43
end_of_record
TN:
SF:commands/social.js
FN:8,cmdChat
FN:13,cmdStatus
FN:15,(anonymous_2)
FN:29,cmdFullState
FN:36,(anonymous_4)
FN:71,cmdDisconnect
FN:77,cmdGetScreenshot
FN:90,cmdDrop
FN:93,(anonymous_8)
FN:108,cmdGive
FN:117,(anonymous_10)
FN:138,cmdShare
FN:141,(anonymous_12)
FN:157,cmdScan
FN:190,cmdCoopMode
FNF:15
FNH:13
FNDA:1,cmdChat
FNDA:3,cmdStatus
FNDA:26,(anonymous_2)
FNDA:0,cmdFullState
FNDA:0,(anonymous_4)
FNDA:1,cmdDisconnect
FNDA:2,cmdGetScreenshot
FNDA:4,cmdDrop
FNDA:3,(anonymous_8)
FNDA:5,cmdGive
FNDA:2,(anonymous_10)
FNDA:4,cmdShare
FNDA:3,(anonymous_12)
FNDA:4,cmdScan
FNDA:4,cmdCoopMode
DA:5,19
DA:6,19
DA:9,1
DA:10,1
DA:14,3
DA:15,26
DA:16,3
DA:30,0
DA:31,0
DA:36,0
DA:39,0
DA:40,0
DA:41,0
DA:42,0
DA:43,0
DA:44,0
DA:45,0
DA:46,0
DA:47,0
DA:55,0
DA:72,1
DA:73,1
DA:74,1
DA:78,2
DA:81,1
DA:83,1
DA:84,1
DA:85,0
DA:87,1
DA:91,4
DA:92,4
DA:93,4
DA:94,3
DA:96,4
DA:98,3
DA:99,3
DA:101,2
DA:102,2
DA:104,1
DA:109,5
DA:110,5
DA:111,5
DA:113,4
DA:114,4
DA:115,4
DA:117,3
DA:118,2
DA:120,3
DA:122,2
DA:123,2
DA:124,2
DA:128,1
DA:129,1
DA:131,1
DA:132,1
DA:134,1
DA:139,4
DA:140,4
DA:141,4
DA:142,3
DA:144,4
DA:146,3
DA:147,3
DA:149,2
DA:150,1
DA:151,1
DA:153,1
DA:158,4
DA:159,4
DA:160,4
DA:161,4
DA:167,4
DA:168,4
DA:169,37
DA:170,37
DA:172,37
DA:173,36
DA:174,1
DA:175,1
DA:183,3
DA:184,3
DA:186,1
DA:191,4
DA:192,4
DA:194,4
DA:195,3
DA:197,2
DA:198,2
DA:200,1
DA:201,1
DA:202,1
DA:204,1
DA:205,1
DA:208,19
LF:94
LH:80
BRDA:42,0,0,0
BRDA:42,0,1,0
BRDA:42,1,0,0
BRDA:42,1,1,0
BRDA:44,2,0,0
BRDA:44,2,1,0
BRDA:46,3,0,0
BRDA:46,3,1,0
BRDA:46,4,0,0
BRDA:46,4,1,0
BRDA:48,5,0,0
BRDA:48,5,1,0
BRDA:48,5,2,0
BRDA:66,6,0,0
BRDA:66,6,1,0
BRDA:78,7,0,1
BRDA:78,7,1,1
BRDA:84,8,0,0
BRDA:84,8,1,1
BRDA:84,9,0,1
BRDA:84,9,1,1
BRDA:85,10,0,0
BRDA:85,10,1,0
BRDA:90,11,0,2
BRDA:94,12,0,3
BRDA:94,12,1,0
BRDA:96,13,0,1
BRDA:96,13,1,3
BRDA:96,14,0,1
BRDA:96,14,1,0
BRDA:98,15,0,1
BRDA:98,15,1,2
BRDA:108,16,0,4
BRDA:111,17,0,1
BRDA:111,17,1,4
BRDA:115,18,0,1
BRDA:115,18,1,3
BRDA:115,19,0,4
BRDA:115,19,1,3
BRDA:118,20,0,2
BRDA:118,20,1,0
BRDA:120,21,0,1
BRDA:120,21,1,2
BRDA:120,22,0,1
BRDA:120,22,1,0
BRDA:128,23,0,0
BRDA:128,23,1,1
BRDA:142,24,0,3
BRDA:142,24,1,0
BRDA:144,25,0,1
BRDA:144,25,1,3
BRDA:144,26,0,1
BRDA:144,26,1,0
BRDA:147,27,0,1
BRDA:147,27,1,2
BRDA:157,28,0,1
BRDA:170,29,0,0
BRDA:170,29,1,37
BRDA:173,30,0,1
BRDA:173,30,1,35
BRDA:190,31,0,0
BRDA:194,32,0,1
BRDA:194,32,1,3
BRDA:195,33,0,1
BRDA:195,33,1,2
BRDA:198,34,0,1
BRDA:198,34,1,1
BRDA:198,35,0,2
BRDA:198,35,1,1
BRF:69
BRH:42
end_of_record
